{"/home/runner/work/werewolves/werewolves/src/server/config/constants.js": {"path":"/home/runner/work/werewolves/werewolves/src/server/config/constants.js","statementMap":{"0":{"start":{"line":1,"column":27},"end":{"line":1,"column":44}},"1":{"start":{"line":3,"column":13},"end":{"line":3,"column":37}},"2":{"start":{"line":4,"column":23},"end":{"line":4,"column":27}},"3":{"start":{"line":5,"column":23},"end":{"line":5,"column":27}},"4":{"start":{"line":6,"column":18},"end":{"line":6,"column":71}},"5":{"start":{"line":7,"column":18},"end":{"line":7,"column":76}},"6":{"start":{"line":9,"column":18},"end":{"line":45,"column":1}},"7":{"start":{"line":47,"column":28},"end":{"line":54,"column":1}},"8":{"start":{"line":56,"column":0},"end":{"line":64,"column":2}}},"fnMap":{},"branchMap":{"0":{"loc":{"start":{"line":3,"column":13},"end":{"line":3,"column":37}},"type":"binary-expr","locations":[{"start":{"line":3,"column":13},"end":{"line":3,"column":29}},{"start":{"line":3,"column":33},"end":{"line":3,"column":37}}],"line":3}},"s":{"0":5,"1":5,"2":5,"3":5,"4":5,"5":5,"6":5,"7":5,"8":5},"f":{},"b":{"0":[5,5]},"_coverageSchema":"1a1c01bbd47fc00a2c39e90264f33305004495a9","hash":"5682f2ff79bcb30a010b8010d4afde28fdcccb33"}
,"/home/runner/work/werewolves/werewolves/src/server/handlers/socketHandlers.js": {"path":"/home/runner/work/werewolves/werewolves/src/server/handlers/socketHandlers.js","statementMap":{"0":{"start":{"line":1,"column":25},"end":{"line":1,"column":52}},"1":{"start":{"line":2,"column":32},"end":{"line":2,"column":57}},"2":{"start":{"line":3,"column":76},"end":{"line":3,"column":103}},"3":{"start":{"line":4,"column":45},"end":{"line":4,"column":84}},"4":{"start":{"line":5,"column":61},"end":{"line":5,"column":95}},"5":{"start":{"line":6,"column":81},"end":{"line":6,"column":116}},"6":{"start":{"line":7,"column":71},"end":{"line":7,"column":106}},"7":{"start":{"line":8,"column":30},"end":{"line":8,"column":64}},"8":{"start":{"line":9,"column":38},"end":{"line":9,"column":73}},"9":{"start":{"line":10,"column":53},"end":{"line":10,"column":80}},"10":{"start":{"line":13,"column":2},"end":{"line":20,"column":5}},"11":{"start":{"line":14,"column":22},"end":{"line":14,"column":40}},"12":{"start":{"line":15,"column":4},"end":{"line":15,"column":60}},"13":{"start":{"line":15,"column":20},"end":{"line":15,"column":60}},"14":{"start":{"line":16,"column":29},"end":{"line":16,"column":75}},"15":{"start":{"line":17,"column":4},"end":{"line":17,"column":52}},"16":{"start":{"line":18,"column":4},"end":{"line":18,"column":55}},"17":{"start":{"line":19,"column":4},"end":{"line":19,"column":28}},"18":{"start":{"line":22,"column":2},"end":{"line":33,"column":5}},"19":{"start":{"line":23,"column":22},"end":{"line":23,"column":40}},"20":{"start":{"line":24,"column":4},"end":{"line":24,"column":60}},"21":{"start":{"line":24,"column":20},"end":{"line":24,"column":60}},"22":{"start":{"line":25,"column":17},"end":{"line":25,"column":45}},"23":{"start":{"line":26,"column":4},"end":{"line":26,"column":56}},"24":{"start":{"line":26,"column":15},"end":{"line":26,"column":56}},"25":{"start":{"line":27,"column":4},"end":{"line":27,"column":79}},"26":{"start":{"line":27,"column":32},"end":{"line":27,"column":79}},"27":{"start":{"line":28,"column":19},"end":{"line":28,"column":60}},"28":{"start":{"line":29,"column":4},"end":{"line":29,"column":37}},"29":{"start":{"line":30,"column":4},"end":{"line":30,"column":52}},"30":{"start":{"line":31,"column":4},"end":{"line":31,"column":55}},"31":{"start":{"line":32,"column":4},"end":{"line":32,"column":28}},"32":{"start":{"line":35,"column":2},"end":{"line":45,"column":5}},"33":{"start":{"line":36,"column":17},"end":{"line":36,"column":34}},"34":{"start":{"line":37,"column":4},"end":{"line":37,"column":56}},"35":{"start":{"line":37,"column":15},"end":{"line":37,"column":56}},"36":{"start":{"line":38,"column":19},"end":{"line":38,"column":41}},"37":{"start":{"line":39,"column":4},"end":{"line":39,"column":62}},"38":{"start":{"line":39,"column":17},"end":{"line":39,"column":62}},"39":{"start":{"line":40,"column":4},"end":{"line":40,"column":32}},"40":{"start":{"line":41,"column":4},"end":{"line":41,"column":28}},"41":{"start":{"line":42,"column":4},"end":{"line":42,"column":50}},"42":{"start":{"line":43,"column":4},"end":{"line":43,"column":23}},"43":{"start":{"line":44,"column":4},"end":{"line":44,"column":40}},"44":{"start":{"line":47,"column":2},"end":{"line":60,"column":5}},"45":{"start":{"line":48,"column":17},"end":{"line":48,"column":34}},"46":{"start":{"line":49,"column":4},"end":{"line":49,"column":22}},"47":{"start":{"line":49,"column":15},"end":{"line":49,"column":22}},"48":{"start":{"line":50,"column":4},"end":{"line":50,"column":41}},"49":{"start":{"line":50,"column":34},"end":{"line":50,"column":41}},"50":{"start":{"line":51,"column":4},"end":{"line":51,"column":39}},"51":{"start":{"line":51,"column":32},"end":{"line":51,"column":39}},"52":{"start":{"line":52,"column":4},"end":{"line":52,"column":50}},"53":{"start":{"line":53,"column":4},"end":{"line":58,"column":5}},"54":{"start":{"line":54,"column":21},"end":{"line":54,"column":46}},"55":{"start":{"line":55,"column":6},"end":{"line":57,"column":7}},"56":{"start":{"line":56,"column":8},"end":{"line":56,"column":45}},"57":{"start":{"line":59,"column":4},"end":{"line":59,"column":28}},"58":{"start":{"line":62,"column":2},"end":{"line":78,"column":5}},"59":{"start":{"line":63,"column":17},"end":{"line":63,"column":34}},"60":{"start":{"line":64,"column":4},"end":{"line":64,"column":54}},"61":{"start":{"line":64,"column":15},"end":{"line":64,"column":54}},"62":{"start":{"line":65,"column":4},"end":{"line":65,"column":80}},"63":{"start":{"line":65,"column":34},"end":{"line":65,"column":80}},"64":{"start":{"line":66,"column":4},"end":{"line":66,"column":74}},"65":{"start":{"line":66,"column":32},"end":{"line":66,"column":74}},"66":{"start":{"line":67,"column":23},"end":{"line":67,"column":43}},"67":{"start":{"line":68,"column":4},"end":{"line":68,"column":50}},"68":{"start":{"line":68,"column":26},"end":{"line":68,"column":50}},"69":{"start":{"line":69,"column":4},"end":{"line":69,"column":22}},"70":{"start":{"line":70,"column":4},"end":{"line":70,"column":30}},"71":{"start":{"line":71,"column":4},"end":{"line":71,"column":26}},"72":{"start":{"line":72,"column":4},"end":{"line":72,"column":22}},"73":{"start":{"line":73,"column":4},"end":{"line":73,"column":30}},"74":{"start":{"line":74,"column":4},"end":{"line":74,"column":39}},"75":{"start":{"line":75,"column":4},"end":{"line":75,"column":23}},"76":{"start":{"line":76,"column":4},"end":{"line":76,"column":75}},"77":{"start":{"line":77,"column":4},"end":{"line":77,"column":28}},"78":{"start":{"line":80,"column":2},"end":{"line":90,"column":5}},"79":{"start":{"line":81,"column":17},"end":{"line":81,"column":34}},"80":{"start":{"line":82,"column":4},"end":{"line":82,"column":54}},"81":{"start":{"line":82,"column":15},"end":{"line":82,"column":54}},"82":{"start":{"line":83,"column":4},"end":{"line":83,"column":87}},"83":{"start":{"line":83,"column":37},"end":{"line":83,"column":87}},"84":{"start":{"line":84,"column":19},"end":{"line":84,"column":41}},"85":{"start":{"line":85,"column":4},"end":{"line":85,"column":58}},"86":{"start":{"line":85,"column":17},"end":{"line":85,"column":58}},"87":{"start":{"line":86,"column":4},"end":{"line":86,"column":81}},"88":{"start":{"line":86,"column":39},"end":{"line":86,"column":81}},"89":{"start":{"line":87,"column":4},"end":{"line":87,"column":24}},"90":{"start":{"line":88,"column":4},"end":{"line":88,"column":28}},"91":{"start":{"line":89,"column":4},"end":{"line":89,"column":23}},"92":{"start":{"line":92,"column":2},"end":{"line":99,"column":5}},"93":{"start":{"line":93,"column":17},"end":{"line":93,"column":34}},"94":{"start":{"line":94,"column":4},"end":{"line":94,"column":50}},"95":{"start":{"line":94,"column":43},"end":{"line":94,"column":50}},"96":{"start":{"line":95,"column":4},"end":{"line":95,"column":44}},"97":{"start":{"line":95,"column":37},"end":{"line":95,"column":44}},"98":{"start":{"line":96,"column":21},"end":{"line":96,"column":86}},"99":{"start":{"line":96,"column":62},"end":{"line":96,"column":85}},"100":{"start":{"line":97,"column":4},"end":{"line":97,"column":26}},"101":{"start":{"line":97,"column":19},"end":{"line":97,"column":26}},"102":{"start":{"line":98,"column":4},"end":{"line":98,"column":77}},"103":{"start":{"line":98,"column":55},"end":{"line":98,"column":75}},"104":{"start":{"line":101,"column":2},"end":{"line":116,"column":5}},"105":{"start":{"line":102,"column":17},"end":{"line":102,"column":34}},"106":{"start":{"line":103,"column":4},"end":{"line":103,"column":48}},"107":{"start":{"line":103,"column":41},"end":{"line":103,"column":48}},"108":{"start":{"line":104,"column":19},"end":{"line":104,"column":41}},"109":{"start":{"line":105,"column":4},"end":{"line":105,"column":68}},"110":{"start":{"line":105,"column":61},"end":{"line":105,"column":68}},"111":{"start":{"line":106,"column":4},"end":{"line":106,"column":64}},"112":{"start":{"line":106,"column":57},"end":{"line":106,"column":64}},"113":{"start":{"line":107,"column":19},"end":{"line":107,"column":26}},"114":{"start":{"line":108,"column":4},"end":{"line":108,"column":24}},"115":{"start":{"line":108,"column":17},"end":{"line":108,"column":24}},"116":{"start":{"line":109,"column":20},"end":{"line":109,"column":35}},"117":{"start":{"line":110,"column":20},"end":{"line":110,"column":35}},"118":{"start":{"line":111,"column":4},"end":{"line":111,"column":73}},"119":{"start":{"line":111,"column":66},"end":{"line":111,"column":73}},"120":{"start":{"line":112,"column":4},"end":{"line":112,"column":37}},"121":{"start":{"line":113,"column":4},"end":{"line":113,"column":23}},"122":{"start":{"line":114,"column":4},"end":{"line":114,"column":104}},"123":{"start":{"line":115,"column":4},"end":{"line":115,"column":76}},"124":{"start":{"line":115,"column":54},"end":{"line":115,"column":74}},"125":{"start":{"line":118,"column":2},"end":{"line":127,"column":5}},"126":{"start":{"line":119,"column":17},"end":{"line":119,"column":34}},"127":{"start":{"line":120,"column":4},"end":{"line":120,"column":79}},"128":{"start":{"line":120,"column":72},"end":{"line":120,"column":79}},"129":{"start":{"line":121,"column":19},"end":{"line":121,"column":41}},"130":{"start":{"line":122,"column":4},"end":{"line":122,"column":71}},"131":{"start":{"line":122,"column":64},"end":{"line":122,"column":71}},"132":{"start":{"line":123,"column":4},"end":{"line":123,"column":59}},"133":{"start":{"line":123,"column":52},"end":{"line":123,"column":59}},"134":{"start":{"line":124,"column":4},"end":{"line":124,"column":48}},"135":{"start":{"line":125,"column":4},"end":{"line":125,"column":63}},"136":{"start":{"line":125,"column":37},"end":{"line":125,"column":57}},"137":{"start":{"line":126,"column":4},"end":{"line":126,"column":28}},"138":{"start":{"line":129,"column":2},"end":{"line":141,"column":5}},"139":{"start":{"line":130,"column":17},"end":{"line":130,"column":34}},"140":{"start":{"line":131,"column":4},"end":{"line":131,"column":77}},"141":{"start":{"line":131,"column":70},"end":{"line":131,"column":77}},"142":{"start":{"line":132,"column":19},"end":{"line":132,"column":41}},"143":{"start":{"line":133,"column":4},"end":{"line":133,"column":67}},"144":{"start":{"line":133,"column":60},"end":{"line":133,"column":67}},"145":{"start":{"line":134,"column":19},"end":{"line":134,"column":41}},"146":{"start":{"line":135,"column":4},"end":{"line":135,"column":24}},"147":{"start":{"line":135,"column":17},"end":{"line":135,"column":24}},"148":{"start":{"line":136,"column":19},"end":{"line":136,"column":75}},"149":{"start":{"line":137,"column":4},"end":{"line":137,"column":54}},"150":{"start":{"line":138,"column":4},"end":{"line":138,"column":50}},"151":{"start":{"line":139,"column":4},"end":{"line":139,"column":26}},"152":{"start":{"line":140,"column":4},"end":{"line":140,"column":60}},"153":{"start":{"line":140,"column":34},"end":{"line":140,"column":54}},"154":{"start":{"line":143,"column":2},"end":{"line":149,"column":5}},"155":{"start":{"line":144,"column":17},"end":{"line":144,"column":34}},"156":{"start":{"line":145,"column":4},"end":{"line":145,"column":78}},"157":{"start":{"line":145,"column":71},"end":{"line":145,"column":78}},"158":{"start":{"line":146,"column":19},"end":{"line":146,"column":41}},"159":{"start":{"line":147,"column":4},"end":{"line":147,"column":68}},"160":{"start":{"line":147,"column":61},"end":{"line":147,"column":68}},"161":{"start":{"line":148,"column":4},"end":{"line":148,"column":81}},"162":{"start":{"line":148,"column":55},"end":{"line":148,"column":75}},"163":{"start":{"line":151,"column":2},"end":{"line":232,"column":5}},"164":{"start":{"line":152,"column":17},"end":{"line":152,"column":34}},"165":{"start":{"line":153,"column":4},"end":{"line":153,"column":50}},"166":{"start":{"line":153,"column":43},"end":{"line":153,"column":50}},"167":{"start":{"line":154,"column":4},"end":{"line":154,"column":64}},"168":{"start":{"line":154,"column":57},"end":{"line":154,"column":64}},"169":{"start":{"line":156,"column":4},"end":{"line":168,"column":5}},"170":{"start":{"line":157,"column":6},"end":{"line":157,"column":28}},"171":{"start":{"line":158,"column":19},"end":{"line":158,"column":37}},"172":{"start":{"line":159,"column":6},"end":{"line":159,"column":28}},"173":{"start":{"line":160,"column":6},"end":{"line":160,"column":32}},"174":{"start":{"line":161,"column":6},"end":{"line":166,"column":7}},"175":{"start":{"line":162,"column":33},"end":{"line":162,"column":68}},"176":{"start":{"line":163,"column":8},"end":{"line":163,"column":60}},"177":{"start":{"line":163,"column":34},"end":{"line":163,"column":54}},"178":{"start":{"line":165,"column":8},"end":{"line":165,"column":32}},"179":{"start":{"line":167,"column":6},"end":{"line":167,"column":13}},"180":{"start":{"line":170,"column":4},"end":{"line":202,"column":5}},"181":{"start":{"line":171,"column":6},"end":{"line":174,"column":7}},"182":{"start":{"line":172,"column":8},"end":{"line":172,"column":38}},"183":{"start":{"line":173,"column":8},"end":{"line":173,"column":31}},"184":{"start":{"line":175,"column":19},"end":{"line":175,"column":39}},"185":{"start":{"line":176,"column":6},"end":{"line":176,"column":34}},"186":{"start":{"line":177,"column":6},"end":{"line":186,"column":7}},"187":{"start":{"line":178,"column":8},"end":{"line":178,"column":27}},"188":{"start":{"line":179,"column":8},"end":{"line":179,"column":27}},"189":{"start":{"line":180,"column":8},"end":{"line":180,"column":30}},"190":{"start":{"line":181,"column":8},"end":{"line":181,"column":34}},"191":{"start":{"line":182,"column":8},"end":{"line":182,"column":43}},"192":{"start":{"line":183,"column":8},"end":{"line":183,"column":56}},"193":{"start":{"line":184,"column":8},"end":{"line":184,"column":32}},"194":{"start":{"line":185,"column":8},"end":{"line":185,"column":15}},"195":{"start":{"line":187,"column":6},"end":{"line":191,"column":7}},"196":{"start":{"line":188,"column":8},"end":{"line":188,"column":25}},"197":{"start":{"line":189,"column":8},"end":{"line":189,"column":32}},"198":{"start":{"line":190,"column":8},"end":{"line":190,"column":15}},"199":{"start":{"line":192,"column":6},"end":{"line":195,"column":7}},"200":{"start":{"line":193,"column":8},"end":{"line":193,"column":61}},"201":{"start":{"line":193,"column":39},"end":{"line":193,"column":59}},"202":{"start":{"line":194,"column":8},"end":{"line":194,"column":15}},"203":{"start":{"line":196,"column":6},"end":{"line":200,"column":7}},"204":{"start":{"line":197,"column":8},"end":{"line":197,"column":25}},"205":{"start":{"line":198,"column":8},"end":{"line":198,"column":32}},"206":{"start":{"line":199,"column":8},"end":{"line":199,"column":15}},"207":{"start":{"line":201,"column":6},"end":{"line":201,"column":13}},"208":{"start":{"line":204,"column":4},"end":{"line":219,"column":5}},"209":{"start":{"line":205,"column":27},"end":{"line":205,"column":102}},"210":{"start":{"line":205,"column":69},"end":{"line":205,"column":101}},"211":{"start":{"line":206,"column":6},"end":{"line":211,"column":7}},"212":{"start":{"line":207,"column":8},"end":{"line":207,"column":31}},"213":{"start":{"line":208,"column":38},"end":{"line":208,"column":73}},"214":{"start":{"line":209,"column":8},"end":{"line":209,"column":73}},"215":{"start":{"line":209,"column":47},"end":{"line":209,"column":67}},"216":{"start":{"line":210,"column":8},"end":{"line":210,"column":15}},"217":{"start":{"line":212,"column":6},"end":{"line":216,"column":9}},"218":{"start":{"line":213,"column":8},"end":{"line":215,"column":9}},"219":{"start":{"line":214,"column":10},"end":{"line":214,"column":39}},"220":{"start":{"line":217,"column":6},"end":{"line":217,"column":65}},"221":{"start":{"line":217,"column":39},"end":{"line":217,"column":59}},"222":{"start":{"line":218,"column":6},"end":{"line":218,"column":13}},"223":{"start":{"line":221,"column":4},"end":{"line":226,"column":5}},"224":{"start":{"line":222,"column":6},"end":{"line":222,"column":28}},"225":{"start":{"line":223,"column":36},"end":{"line":223,"column":71}},"226":{"start":{"line":224,"column":6},"end":{"line":224,"column":72}},"227":{"start":{"line":224,"column":46},"end":{"line":224,"column":66}},"228":{"start":{"line":225,"column":6},"end":{"line":225,"column":13}},"229":{"start":{"line":228,"column":4},"end":{"line":231,"column":5}},"230":{"start":{"line":229,"column":6},"end":{"line":229,"column":79}},"231":{"start":{"line":229,"column":53},"end":{"line":229,"column":73}},"232":{"start":{"line":230,"column":6},"end":{"line":230,"column":13}},"233":{"start":{"line":234,"column":2},"end":{"line":246,"column":5}},"234":{"start":{"line":235,"column":17},"end":{"line":235,"column":34}},"235":{"start":{"line":236,"column":4},"end":{"line":236,"column":46}},"236":{"start":{"line":236,"column":39},"end":{"line":236,"column":46}},"237":{"start":{"line":237,"column":19},"end":{"line":237,"column":41}},"238":{"start":{"line":238,"column":4},"end":{"line":238,"column":41}},"239":{"start":{"line":238,"column":34},"end":{"line":238,"column":41}},"240":{"start":{"line":239,"column":4},"end":{"line":241,"column":5}},"241":{"start":{"line":240,"column":6},"end":{"line":240,"column":13}},"242":{"start":{"line":242,"column":4},"end":{"line":242,"column":59}},"243":{"start":{"line":242,"column":52},"end":{"line":242,"column":59}},"244":{"start":{"line":243,"column":4},"end":{"line":243,"column":54}},"245":{"start":{"line":244,"column":4},"end":{"line":244,"column":61}},"246":{"start":{"line":244,"column":35},"end":{"line":244,"column":55}},"247":{"start":{"line":245,"column":4},"end":{"line":245,"column":28}},"248":{"start":{"line":248,"column":2},"end":{"line":256,"column":5}},"249":{"start":{"line":249,"column":17},"end":{"line":249,"column":34}},"250":{"start":{"line":250,"column":4},"end":{"line":250,"column":62}},"251":{"start":{"line":250,"column":55},"end":{"line":250,"column":62}},"252":{"start":{"line":251,"column":19},"end":{"line":251,"column":41}},"253":{"start":{"line":252,"column":4},"end":{"line":252,"column":41}},"254":{"start":{"line":252,"column":34},"end":{"line":252,"column":41}},"255":{"start":{"line":253,"column":4},"end":{"line":253,"column":49}},"256":{"start":{"line":254,"column":4},"end":{"line":254,"column":35}},"257":{"start":{"line":255,"column":4},"end":{"line":255,"column":68}},"258":{"start":{"line":255,"column":42},"end":{"line":255,"column":62}},"259":{"start":{"line":258,"column":2},"end":{"line":264,"column":5}},"260":{"start":{"line":259,"column":17},"end":{"line":259,"column":34}},"261":{"start":{"line":260,"column":4},"end":{"line":260,"column":22}},"262":{"start":{"line":260,"column":15},"end":{"line":260,"column":22}},"263":{"start":{"line":261,"column":19},"end":{"line":261,"column":41}},"264":{"start":{"line":262,"column":4},"end":{"line":262,"column":24}},"265":{"start":{"line":262,"column":17},"end":{"line":262,"column":24}},"266":{"start":{"line":263,"column":4},"end":{"line":263,"column":40}},"267":{"start":{"line":266,"column":2},"end":{"line":277,"column":5}},"268":{"start":{"line":267,"column":16},"end":{"line":267,"column":41}},"269":{"start":{"line":268,"column":4},"end":{"line":268,"column":21}},"270":{"start":{"line":268,"column":14},"end":{"line":268,"column":21}},"271":{"start":{"line":269,"column":4},"end":{"line":269,"column":33}},"272":{"start":{"line":270,"column":17},"end":{"line":270,"column":38}},"273":{"start":{"line":271,"column":4},"end":{"line":271,"column":22}},"274":{"start":{"line":271,"column":15},"end":{"line":271,"column":22}},"275":{"start":{"line":272,"column":19},"end":{"line":272,"column":45}},"276":{"start":{"line":273,"column":4},"end":{"line":273,"column":24}},"277":{"start":{"line":273,"column":17},"end":{"line":273,"column":24}},"278":{"start":{"line":274,"column":4},"end":{"line":274,"column":29}},"279":{"start":{"line":275,"column":4},"end":{"line":275,"column":49}},"280":{"start":{"line":276,"column":4},"end":{"line":276,"column":28}},"281":{"start":{"line":280,"column":0},"end":{"line":282,"column":2}}},"fnMap":{"0":{"name":"setupSocketHandlers","decl":{"start":{"line":12,"column":9},"end":{"line":12,"column":28}},"loc":{"start":{"line":12,"column":41},"end":{"line":278,"column":1}},"line":12},"1":{"name":"(anonymous_1)","decl":{"start":{"line":13,"column":26},"end":{"line":13,"column":27}},"loc":{"start":{"line":13,"column":44},"end":{"line":20,"column":3}},"line":13},"2":{"name":"(anonymous_2)","decl":{"start":{"line":22,"column":24},"end":{"line":22,"column":25}},"loc":{"start":{"line":22,"column":48},"end":{"line":33,"column":3}},"line":22},"3":{"name":"(anonymous_3)","decl":{"start":{"line":35,"column":28},"end":{"line":35,"column":29}},"loc":{"start":{"line":35,"column":60},"end":{"line":45,"column":3}},"line":35},"4":{"name":"(anonymous_4)","decl":{"start":{"line":47,"column":32},"end":{"line":47,"column":33}},"loc":{"start":{"line":47,"column":68},"end":{"line":60,"column":3}},"line":47},"5":{"name":"(anonymous_5)","decl":{"start":{"line":62,"column":25},"end":{"line":62,"column":26}},"loc":{"start":{"line":62,"column":57},"end":{"line":78,"column":3}},"line":62},"6":{"name":"(anonymous_6)","decl":{"start":{"line":80,"column":25},"end":{"line":80,"column":26}},"loc":{"start":{"line":80,"column":57},"end":{"line":90,"column":3}},"line":80},"7":{"name":"(anonymous_7)","decl":{"start":{"line":92,"column":35},"end":{"line":92,"column":36}},"loc":{"start":{"line":92,"column":63},"end":{"line":99,"column":3}},"line":92},"8":{"name":"(anonymous_8)","decl":{"start":{"line":96,"column":55},"end":{"line":96,"column":56}},"loc":{"start":{"line":96,"column":62},"end":{"line":96,"column":85}},"line":96},"9":{"name":"(anonymous_9)","decl":{"start":{"line":98,"column":48},"end":{"line":98,"column":49}},"loc":{"start":{"line":98,"column":55},"end":{"line":98,"column":75}},"line":98},"10":{"name":"(anonymous_10)","decl":{"start":{"line":101,"column":27},"end":{"line":101,"column":28}},"loc":{"start":{"line":101,"column":64},"end":{"line":116,"column":3}},"line":101},"11":{"name":"(anonymous_11)","decl":{"start":{"line":115,"column":47},"end":{"line":115,"column":48}},"loc":{"start":{"line":115,"column":54},"end":{"line":115,"column":74}},"line":115},"12":{"name":"(anonymous_12)","decl":{"start":{"line":118,"column":30},"end":{"line":118,"column":31}},"loc":{"start":{"line":118,"column":68},"end":{"line":127,"column":3}},"line":118},"13":{"name":"(anonymous_13)","decl":{"start":{"line":125,"column":30},"end":{"line":125,"column":31}},"loc":{"start":{"line":125,"column":37},"end":{"line":125,"column":57}},"line":125},"14":{"name":"(anonymous_14)","decl":{"start":{"line":129,"column":33},"end":{"line":129,"column":34}},"loc":{"start":{"line":129,"column":75},"end":{"line":141,"column":3}},"line":129},"15":{"name":"(anonymous_15)","decl":{"start":{"line":140,"column":27},"end":{"line":140,"column":28}},"loc":{"start":{"line":140,"column":34},"end":{"line":140,"column":54}},"line":140},"16":{"name":"(anonymous_16)","decl":{"start":{"line":143,"column":35},"end":{"line":143,"column":36}},"loc":{"start":{"line":143,"column":81},"end":{"line":149,"column":3}},"line":143},"17":{"name":"(anonymous_17)","decl":{"start":{"line":148,"column":48},"end":{"line":148,"column":49}},"loc":{"start":{"line":148,"column":55},"end":{"line":148,"column":75}},"line":148},"18":{"name":"(anonymous_18)","decl":{"start":{"line":151,"column":28},"end":{"line":151,"column":29}},"loc":{"start":{"line":151,"column":56},"end":{"line":232,"column":3}},"line":151},"19":{"name":"(anonymous_19)","decl":{"start":{"line":163,"column":27},"end":{"line":163,"column":28}},"loc":{"start":{"line":163,"column":34},"end":{"line":163,"column":54}},"line":163},"20":{"name":"(anonymous_20)","decl":{"start":{"line":193,"column":32},"end":{"line":193,"column":33}},"loc":{"start":{"line":193,"column":39},"end":{"line":193,"column":59}},"line":193},"21":{"name":"(anonymous_21)","decl":{"start":{"line":205,"column":62},"end":{"line":205,"column":63}},"loc":{"start":{"line":205,"column":69},"end":{"line":205,"column":101}},"line":205},"22":{"name":"(anonymous_22)","decl":{"start":{"line":209,"column":40},"end":{"line":209,"column":41}},"loc":{"start":{"line":209,"column":47},"end":{"line":209,"column":67}},"line":209},"23":{"name":"(anonymous_23)","decl":{"start":{"line":212,"column":27},"end":{"line":212,"column":28}},"loc":{"start":{"line":212,"column":37},"end":{"line":216,"column":7}},"line":212},"24":{"name":"(anonymous_24)","decl":{"start":{"line":217,"column":32},"end":{"line":217,"column":33}},"loc":{"start":{"line":217,"column":39},"end":{"line":217,"column":59}},"line":217},"25":{"name":"(anonymous_25)","decl":{"start":{"line":224,"column":39},"end":{"line":224,"column":40}},"loc":{"start":{"line":224,"column":46},"end":{"line":224,"column":66}},"line":224},"26":{"name":"(anonymous_26)","decl":{"start":{"line":229,"column":46},"end":{"line":229,"column":47}},"loc":{"start":{"line":229,"column":53},"end":{"line":229,"column":73}},"line":229},"27":{"name":"(anonymous_27)","decl":{"start":{"line":234,"column":29},"end":{"line":234,"column":30}},"loc":{"start":{"line":234,"column":67},"end":{"line":246,"column":3}},"line":234},"28":{"name":"(anonymous_28)","decl":{"start":{"line":244,"column":28},"end":{"line":244,"column":29}},"loc":{"start":{"line":244,"column":35},"end":{"line":244,"column":55}},"line":244},"29":{"name":"(anonymous_29)","decl":{"start":{"line":248,"column":27},"end":{"line":248,"column":28}},"loc":{"start":{"line":248,"column":65},"end":{"line":256,"column":3}},"line":248},"30":{"name":"(anonymous_30)","decl":{"start":{"line":255,"column":35},"end":{"line":255,"column":36}},"loc":{"start":{"line":255,"column":42},"end":{"line":255,"column":62}},"line":255},"31":{"name":"(anonymous_31)","decl":{"start":{"line":258,"column":28},"end":{"line":258,"column":29}},"loc":{"start":{"line":258,"column":56},"end":{"line":264,"column":3}},"line":258},"32":{"name":"(anonymous_32)","decl":{"start":{"line":266,"column":26},"end":{"line":266,"column":27}},"loc":{"start":{"line":266,"column":32},"end":{"line":277,"column":3}},"line":266}},"branchMap":{"0":{"loc":{"start":{"line":15,"column":4},"end":{"line":15,"column":60}},"type":"if","locations":[{"start":{"line":15,"column":4},"end":{"line":15,"column":60}},{"start":{},"end":{}}],"line":15},"1":{"loc":{"start":{"line":24,"column":4},"end":{"line":24,"column":60}},"type":"if","locations":[{"start":{"line":24,"column":4},"end":{"line":24,"column":60}},{"start":{},"end":{}}],"line":24},"2":{"loc":{"start":{"line":26,"column":4},"end":{"line":26,"column":56}},"type":"if","locations":[{"start":{"line":26,"column":4},"end":{"line":26,"column":56}},{"start":{},"end":{}}],"line":26},"3":{"loc":{"start":{"line":27,"column":4},"end":{"line":27,"column":79}},"type":"if","locations":[{"start":{"line":27,"column":4},"end":{"line":27,"column":79}},{"start":{},"end":{}}],"line":27},"4":{"loc":{"start":{"line":37,"column":4},"end":{"line":37,"column":56}},"type":"if","locations":[{"start":{"line":37,"column":4},"end":{"line":37,"column":56}},{"start":{},"end":{}}],"line":37},"5":{"loc":{"start":{"line":39,"column":4},"end":{"line":39,"column":62}},"type":"if","locations":[{"start":{"line":39,"column":4},"end":{"line":39,"column":62}},{"start":{},"end":{}}],"line":39},"6":{"loc":{"start":{"line":49,"column":4},"end":{"line":49,"column":22}},"type":"if","locations":[{"start":{"line":49,"column":4},"end":{"line":49,"column":22}},{"start":{},"end":{}}],"line":49},"7":{"loc":{"start":{"line":50,"column":4},"end":{"line":50,"column":41}},"type":"if","locations":[{"start":{"line":50,"column":4},"end":{"line":50,"column":41}},{"start":{},"end":{}}],"line":50},"8":{"loc":{"start":{"line":51,"column":4},"end":{"line":51,"column":39}},"type":"if","locations":[{"start":{"line":51,"column":4},"end":{"line":51,"column":39}},{"start":{},"end":{}}],"line":51},"9":{"loc":{"start":{"line":53,"column":4},"end":{"line":58,"column":5}},"type":"if","locations":[{"start":{"line":53,"column":4},"end":{"line":58,"column":5}},{"start":{},"end":{}}],"line":53},"10":{"loc":{"start":{"line":55,"column":6},"end":{"line":57,"column":7}},"type":"if","locations":[{"start":{"line":55,"column":6},"end":{"line":57,"column":7}},{"start":{},"end":{}}],"line":55},"11":{"loc":{"start":{"line":55,"column":10},"end":{"line":55,"column":48}},"type":"binary-expr","locations":[{"start":{"line":55,"column":10},"end":{"line":55,"column":33}},{"start":{"line":55,"column":37},"end":{"line":55,"column":48}}],"line":55},"12":{"loc":{"start":{"line":64,"column":4},"end":{"line":64,"column":54}},"type":"if","locations":[{"start":{"line":64,"column":4},"end":{"line":64,"column":54}},{"start":{},"end":{}}],"line":64},"13":{"loc":{"start":{"line":65,"column":4},"end":{"line":65,"column":80}},"type":"if","locations":[{"start":{"line":65,"column":4},"end":{"line":65,"column":80}},{"start":{},"end":{}}],"line":65},"14":{"loc":{"start":{"line":66,"column":4},"end":{"line":66,"column":74}},"type":"if","locations":[{"start":{"line":66,"column":4},"end":{"line":66,"column":74}},{"start":{},"end":{}}],"line":66},"15":{"loc":{"start":{"line":68,"column":4},"end":{"line":68,"column":50}},"type":"if","locations":[{"start":{"line":68,"column":4},"end":{"line":68,"column":50}},{"start":{},"end":{}}],"line":68},"16":{"loc":{"start":{"line":82,"column":4},"end":{"line":82,"column":54}},"type":"if","locations":[{"start":{"line":82,"column":4},"end":{"line":82,"column":54}},{"start":{},"end":{}}],"line":82},"17":{"loc":{"start":{"line":83,"column":4},"end":{"line":83,"column":87}},"type":"if","locations":[{"start":{"line":83,"column":4},"end":{"line":83,"column":87}},{"start":{},"end":{}}],"line":83},"18":{"loc":{"start":{"line":85,"column":4},"end":{"line":85,"column":58}},"type":"if","locations":[{"start":{"line":85,"column":4},"end":{"line":85,"column":58}},{"start":{},"end":{}}],"line":85},"19":{"loc":{"start":{"line":86,"column":4},"end":{"line":86,"column":81}},"type":"if","locations":[{"start":{"line":86,"column":4},"end":{"line":86,"column":81}},{"start":{},"end":{}}],"line":86},"20":{"loc":{"start":{"line":94,"column":4},"end":{"line":94,"column":50}},"type":"if","locations":[{"start":{"line":94,"column":4},"end":{"line":94,"column":50}},{"start":{},"end":{}}],"line":94},"21":{"loc":{"start":{"line":94,"column":8},"end":{"line":94,"column":41}},"type":"binary-expr","locations":[{"start":{"line":94,"column":8},"end":{"line":94,"column":13}},{"start":{"line":94,"column":17},"end":{"line":94,"column":41}}],"line":94},"22":{"loc":{"start":{"line":95,"column":4},"end":{"line":95,"column":44}},"type":"if","locations":[{"start":{"line":95,"column":4},"end":{"line":95,"column":44}},{"start":{},"end":{}}],"line":95},"23":{"loc":{"start":{"line":96,"column":62},"end":{"line":96,"column":85}},"type":"binary-expr","locations":[{"start":{"line":96,"column":62},"end":{"line":96,"column":74}},{"start":{"line":96,"column":78},"end":{"line":96,"column":85}}],"line":96},"24":{"loc":{"start":{"line":97,"column":4},"end":{"line":97,"column":26}},"type":"if","locations":[{"start":{"line":97,"column":4},"end":{"line":97,"column":26}},{"start":{},"end":{}}],"line":97},"25":{"loc":{"start":{"line":103,"column":4},"end":{"line":103,"column":48}},"type":"if","locations":[{"start":{"line":103,"column":4},"end":{"line":103,"column":48}},{"start":{},"end":{}}],"line":103},"26":{"loc":{"start":{"line":103,"column":8},"end":{"line":103,"column":39}},"type":"binary-expr","locations":[{"start":{"line":103,"column":8},"end":{"line":103,"column":13}},{"start":{"line":103,"column":17},"end":{"line":103,"column":39}}],"line":103},"27":{"loc":{"start":{"line":105,"column":4},"end":{"line":105,"column":68}},"type":"if","locations":[{"start":{"line":105,"column":4},"end":{"line":105,"column":68}},{"start":{},"end":{}}],"line":105},"28":{"loc":{"start":{"line":105,"column":8},"end":{"line":105,"column":59}},"type":"binary-expr","locations":[{"start":{"line":105,"column":8},"end":{"line":105,"column":15}},{"start":{"line":105,"column":19},"end":{"line":105,"column":42}},{"start":{"line":105,"column":46},"end":{"line":105,"column":59}}],"line":105},"29":{"loc":{"start":{"line":106,"column":4},"end":{"line":106,"column":64}},"type":"if","locations":[{"start":{"line":106,"column":4},"end":{"line":106,"column":64}},{"start":{},"end":{}}],"line":106},"30":{"loc":{"start":{"line":106,"column":8},"end":{"line":106,"column":55}},"type":"binary-expr","locations":[{"start":{"line":106,"column":8},"end":{"line":106,"column":31}},{"start":{"line":106,"column":35},"end":{"line":106,"column":55}}],"line":106},"31":{"loc":{"start":{"line":108,"column":4},"end":{"line":108,"column":24}},"type":"if","locations":[{"start":{"line":108,"column":4},"end":{"line":108,"column":24}},{"start":{},"end":{}}],"line":108},"32":{"loc":{"start":{"line":111,"column":4},"end":{"line":111,"column":73}},"type":"if","locations":[{"start":{"line":111,"column":4},"end":{"line":111,"column":73}},{"start":{},"end":{}}],"line":111},"33":{"loc":{"start":{"line":111,"column":8},"end":{"line":111,"column":64}},"type":"binary-expr","locations":[{"start":{"line":111,"column":8},"end":{"line":111,"column":16}},{"start":{"line":111,"column":20},"end":{"line":111,"column":28}},{"start":{"line":111,"column":32},"end":{"line":111,"column":46}},{"start":{"line":111,"column":50},"end":{"line":111,"column":64}}],"line":111},"34":{"loc":{"start":{"line":120,"column":4},"end":{"line":120,"column":79}},"type":"if","locations":[{"start":{"line":120,"column":4},"end":{"line":120,"column":79}},{"start":{},"end":{}}],"line":120},"35":{"loc":{"start":{"line":120,"column":8},"end":{"line":120,"column":70}},"type":"binary-expr","locations":[{"start":{"line":120,"column":8},"end":{"line":120,"column":13}},{"start":{"line":120,"column":17},"end":{"line":120,"column":39}},{"start":{"line":120,"column":43},"end":{"line":120,"column":70}}],"line":120},"36":{"loc":{"start":{"line":122,"column":4},"end":{"line":122,"column":71}},"type":"if","locations":[{"start":{"line":122,"column":4},"end":{"line":122,"column":71}},{"start":{},"end":{}}],"line":122},"37":{"loc":{"start":{"line":122,"column":8},"end":{"line":122,"column":62}},"type":"binary-expr","locations":[{"start":{"line":122,"column":8},"end":{"line":122,"column":15}},{"start":{"line":122,"column":19},"end":{"line":122,"column":45}},{"start":{"line":122,"column":49},"end":{"line":122,"column":62}}],"line":122},"38":{"loc":{"start":{"line":123,"column":4},"end":{"line":123,"column":59}},"type":"if","locations":[{"start":{"line":123,"column":4},"end":{"line":123,"column":59}},{"start":{},"end":{}}],"line":123},"39":{"loc":{"start":{"line":123,"column":8},"end":{"line":123,"column":50}},"type":"binary-expr","locations":[{"start":{"line":123,"column":8},"end":{"line":123,"column":16}},{"start":{"line":123,"column":20},"end":{"line":123,"column":50}}],"line":123},"40":{"loc":{"start":{"line":124,"column":31},"end":{"line":124,"column":47}},"type":"binary-expr","locations":[{"start":{"line":124,"column":31},"end":{"line":124,"column":39}},{"start":{"line":124,"column":43},"end":{"line":124,"column":47}}],"line":124},"41":{"loc":{"start":{"line":131,"column":4},"end":{"line":131,"column":77}},"type":"if","locations":[{"start":{"line":131,"column":4},"end":{"line":131,"column":77}},{"start":{},"end":{}}],"line":131},"42":{"loc":{"start":{"line":131,"column":8},"end":{"line":131,"column":68}},"type":"binary-expr","locations":[{"start":{"line":131,"column":8},"end":{"line":131,"column":13}},{"start":{"line":131,"column":17},"end":{"line":131,"column":39}},{"start":{"line":131,"column":43},"end":{"line":131,"column":68}}],"line":131},"43":{"loc":{"start":{"line":133,"column":4},"end":{"line":133,"column":67}},"type":"if","locations":[{"start":{"line":133,"column":4},"end":{"line":133,"column":67}},{"start":{},"end":{}}],"line":133},"44":{"loc":{"start":{"line":133,"column":8},"end":{"line":133,"column":58}},"type":"binary-expr","locations":[{"start":{"line":133,"column":8},"end":{"line":133,"column":15}},{"start":{"line":133,"column":19},"end":{"line":133,"column":41}},{"start":{"line":133,"column":45},"end":{"line":133,"column":58}}],"line":133},"45":{"loc":{"start":{"line":135,"column":4},"end":{"line":135,"column":24}},"type":"if","locations":[{"start":{"line":135,"column":4},"end":{"line":135,"column":24}},{"start":{},"end":{}}],"line":135},"46":{"loc":{"start":{"line":136,"column":19},"end":{"line":136,"column":75}},"type":"cond-expr","locations":[{"start":{"line":136,"column":48},"end":{"line":136,"column":58}},{"start":{"line":136,"column":61},"end":{"line":136,"column":75}}],"line":136},"47":{"loc":{"start":{"line":145,"column":4},"end":{"line":145,"column":78}},"type":"if","locations":[{"start":{"line":145,"column":4},"end":{"line":145,"column":78}},{"start":{},"end":{}}],"line":145},"48":{"loc":{"start":{"line":145,"column":8},"end":{"line":145,"column":69}},"type":"binary-expr","locations":[{"start":{"line":145,"column":8},"end":{"line":145,"column":13}},{"start":{"line":145,"column":17},"end":{"line":145,"column":39}},{"start":{"line":145,"column":43},"end":{"line":145,"column":69}}],"line":145},"49":{"loc":{"start":{"line":147,"column":4},"end":{"line":147,"column":68}},"type":"if","locations":[{"start":{"line":147,"column":4},"end":{"line":147,"column":68}},{"start":{},"end":{}}],"line":147},"50":{"loc":{"start":{"line":147,"column":8},"end":{"line":147,"column":59}},"type":"binary-expr","locations":[{"start":{"line":147,"column":8},"end":{"line":147,"column":15}},{"start":{"line":147,"column":19},"end":{"line":147,"column":42}},{"start":{"line":147,"column":46},"end":{"line":147,"column":59}}],"line":147},"51":{"loc":{"start":{"line":153,"column":4},"end":{"line":153,"column":50}},"type":"if","locations":[{"start":{"line":153,"column":4},"end":{"line":153,"column":50}},{"start":{},"end":{}}],"line":153},"52":{"loc":{"start":{"line":153,"column":8},"end":{"line":153,"column":41}},"type":"binary-expr","locations":[{"start":{"line":153,"column":8},"end":{"line":153,"column":13}},{"start":{"line":153,"column":17},"end":{"line":153,"column":41}}],"line":153},"53":{"loc":{"start":{"line":154,"column":4},"end":{"line":154,"column":64}},"type":"if","locations":[{"start":{"line":154,"column":4},"end":{"line":154,"column":64}},{"start":{},"end":{}}],"line":154},"54":{"loc":{"start":{"line":154,"column":8},"end":{"line":154,"column":55}},"type":"binary-expr","locations":[{"start":{"line":154,"column":8},"end":{"line":154,"column":30}},{"start":{"line":154,"column":34},"end":{"line":154,"column":55}}],"line":154},"55":{"loc":{"start":{"line":156,"column":4},"end":{"line":168,"column":5}},"type":"if","locations":[{"start":{"line":156,"column":4},"end":{"line":168,"column":5}},{"start":{},"end":{}}],"line":156},"56":{"loc":{"start":{"line":156,"column":8},"end":{"line":156,"column":61}},"type":"binary-expr","locations":[{"start":{"line":156,"column":8},"end":{"line":156,"column":39}},{"start":{"line":156,"column":43},"end":{"line":156,"column":61}}],"line":156},"57":{"loc":{"start":{"line":161,"column":6},"end":{"line":166,"column":7}},"type":"if","locations":[{"start":{"line":161,"column":6},"end":{"line":166,"column":7}},{"start":{"line":164,"column":13},"end":{"line":166,"column":7}}],"line":161},"58":{"loc":{"start":{"line":170,"column":4},"end":{"line":202,"column":5}},"type":"if","locations":[{"start":{"line":170,"column":4},"end":{"line":202,"column":5}},{"start":{},"end":{}}],"line":170},"59":{"loc":{"start":{"line":171,"column":6},"end":{"line":174,"column":7}},"type":"if","locations":[{"start":{"line":171,"column":6},"end":{"line":174,"column":7}},{"start":{},"end":{}}],"line":171},"60":{"loc":{"start":{"line":177,"column":6},"end":{"line":186,"column":7}},"type":"if","locations":[{"start":{"line":177,"column":6},"end":{"line":186,"column":7}},{"start":{},"end":{}}],"line":177},"61":{"loc":{"start":{"line":187,"column":6},"end":{"line":191,"column":7}},"type":"if","locations":[{"start":{"line":187,"column":6},"end":{"line":191,"column":7}},{"start":{},"end":{}}],"line":187},"62":{"loc":{"start":{"line":192,"column":6},"end":{"line":195,"column":7}},"type":"if","locations":[{"start":{"line":192,"column":6},"end":{"line":195,"column":7}},{"start":{},"end":{}}],"line":192},"63":{"loc":{"start":{"line":196,"column":6},"end":{"line":200,"column":7}},"type":"if","locations":[{"start":{"line":196,"column":6},"end":{"line":200,"column":7}},{"start":{},"end":{}}],"line":196},"64":{"loc":{"start":{"line":204,"column":4},"end":{"line":219,"column":5}},"type":"if","locations":[{"start":{"line":204,"column":4},"end":{"line":219,"column":5}},{"start":{},"end":{}}],"line":204},"65":{"loc":{"start":{"line":205,"column":69},"end":{"line":205,"column":101}},"type":"binary-expr","locations":[{"start":{"line":205,"column":69},"end":{"line":205,"column":90}},{"start":{"line":205,"column":94},"end":{"line":205,"column":101}}],"line":205},"66":{"loc":{"start":{"line":206,"column":6},"end":{"line":211,"column":7}},"type":"if","locations":[{"start":{"line":206,"column":6},"end":{"line":211,"column":7}},{"start":{},"end":{}}],"line":206},"67":{"loc":{"start":{"line":213,"column":8},"end":{"line":215,"column":9}},"type":"if","locations":[{"start":{"line":213,"column":8},"end":{"line":215,"column":9}},{"start":{},"end":{}}],"line":213},"68":{"loc":{"start":{"line":221,"column":4},"end":{"line":226,"column":5}},"type":"if","locations":[{"start":{"line":221,"column":4},"end":{"line":226,"column":5}},{"start":{},"end":{}}],"line":221},"69":{"loc":{"start":{"line":228,"column":4},"end":{"line":231,"column":5}},"type":"if","locations":[{"start":{"line":228,"column":4},"end":{"line":231,"column":5}},{"start":{},"end":{}}],"line":228},"70":{"loc":{"start":{"line":236,"column":4},"end":{"line":236,"column":46}},"type":"if","locations":[{"start":{"line":236,"column":4},"end":{"line":236,"column":46}},{"start":{},"end":{}}],"line":236},"71":{"loc":{"start":{"line":236,"column":8},"end":{"line":236,"column":37}},"type":"binary-expr","locations":[{"start":{"line":236,"column":8},"end":{"line":236,"column":13}},{"start":{"line":236,"column":17},"end":{"line":236,"column":37}}],"line":236},"72":{"loc":{"start":{"line":238,"column":4},"end":{"line":238,"column":41}},"type":"if","locations":[{"start":{"line":238,"column":4},"end":{"line":238,"column":41}},{"start":{},"end":{}}],"line":238},"73":{"loc":{"start":{"line":238,"column":8},"end":{"line":238,"column":32}},"type":"binary-expr","locations":[{"start":{"line":238,"column":8},"end":{"line":238,"column":15}},{"start":{"line":238,"column":19},"end":{"line":238,"column":32}}],"line":238},"74":{"loc":{"start":{"line":239,"column":4},"end":{"line":241,"column":5}},"type":"if","locations":[{"start":{"line":239,"column":4},"end":{"line":241,"column":5}},{"start":{},"end":{}}],"line":239},"75":{"loc":{"start":{"line":239,"column":8},"end":{"line":239,"column":100}},"type":"binary-expr","locations":[{"start":{"line":239,"column":8},"end":{"line":239,"column":36}},{"start":{"line":239,"column":40},"end":{"line":239,"column":48}},{"start":{"line":239,"column":52},"end":{"line":239,"column":100}}],"line":239},"76":{"loc":{"start":{"line":242,"column":4},"end":{"line":242,"column":59}},"type":"if","locations":[{"start":{"line":242,"column":4},"end":{"line":242,"column":59}},{"start":{},"end":{}}],"line":242},"77":{"loc":{"start":{"line":242,"column":8},"end":{"line":242,"column":50}},"type":"binary-expr","locations":[{"start":{"line":242,"column":8},"end":{"line":242,"column":16}},{"start":{"line":242,"column":20},"end":{"line":242,"column":50}}],"line":242},"78":{"loc":{"start":{"line":243,"column":37},"end":{"line":243,"column":53}},"type":"binary-expr","locations":[{"start":{"line":243,"column":37},"end":{"line":243,"column":45}},{"start":{"line":243,"column":49},"end":{"line":243,"column":53}}],"line":243},"79":{"loc":{"start":{"line":250,"column":4},"end":{"line":250,"column":62}},"type":"if","locations":[{"start":{"line":250,"column":4},"end":{"line":250,"column":62}},{"start":{},"end":{}}],"line":250},"80":{"loc":{"start":{"line":250,"column":8},"end":{"line":250,"column":53}},"type":"binary-expr","locations":[{"start":{"line":250,"column":8},"end":{"line":250,"column":13}},{"start":{"line":250,"column":17},"end":{"line":250,"column":53}}],"line":250},"81":{"loc":{"start":{"line":252,"column":4},"end":{"line":252,"column":41}},"type":"if","locations":[{"start":{"line":252,"column":4},"end":{"line":252,"column":41}},{"start":{},"end":{}}],"line":252},"82":{"loc":{"start":{"line":252,"column":8},"end":{"line":252,"column":32}},"type":"binary-expr","locations":[{"start":{"line":252,"column":8},"end":{"line":252,"column":15}},{"start":{"line":252,"column":19},"end":{"line":252,"column":32}}],"line":252},"83":{"loc":{"start":{"line":260,"column":4},"end":{"line":260,"column":22}},"type":"if","locations":[{"start":{"line":260,"column":4},"end":{"line":260,"column":22}},{"start":{},"end":{}}],"line":260},"84":{"loc":{"start":{"line":262,"column":4},"end":{"line":262,"column":24}},"type":"if","locations":[{"start":{"line":262,"column":4},"end":{"line":262,"column":24}},{"start":{},"end":{}}],"line":262},"85":{"loc":{"start":{"line":268,"column":4},"end":{"line":268,"column":21}},"type":"if","locations":[{"start":{"line":268,"column":4},"end":{"line":268,"column":21}},{"start":{},"end":{}}],"line":268},"86":{"loc":{"start":{"line":271,"column":4},"end":{"line":271,"column":22}},"type":"if","locations":[{"start":{"line":271,"column":4},"end":{"line":271,"column":22}},{"start":{},"end":{}}],"line":271},"87":{"loc":{"start":{"line":273,"column":4},"end":{"line":273,"column":24}},"type":"if","locations":[{"start":{"line":273,"column":4},"end":{"line":273,"column":24}},{"start":{},"end":{}}],"line":273}},"s":{"0":1,"1":1,"2":1,"3":1,"4":1,"5":1,"6":1,"7":1,"8":1,"9":1,"10":7,"11":0,"12":0,"13":0,"14":0,"15":0,"16":0,"17":0,"18":7,"19":0,"20":0,"21":0,"22":0,"23":0,"24":0,"25":0,"26":0,"27":0,"28":0,"29":0,"30":0,"31":0,"32":7,"33":0,"34":0,"35":0,"36":0,"37":0,"38":0,"39":0,"40":0,"41":0,"42":0,"43":0,"44":7,"45":0,"46":0,"47":0,"48":0,"49":0,"50":0,"51":0,"52":0,"53":0,"54":0,"55":0,"56":0,"57":0,"58":7,"59":0,"60":0,"61":0,"62":0,"63":0,"64":0,"65":0,"66":0,"67":0,"68":0,"69":0,"70":0,"71":0,"72":0,"73":0,"74":0,"75":0,"76":0,"77":0,"78":7,"79":0,"80":0,"81":0,"82":0,"83":0,"84":0,"85":0,"86":0,"87":0,"88":0,"89":0,"90":0,"91":0,"92":7,"93":0,"94":0,"95":0,"96":0,"97":0,"98":0,"99":0,"100":0,"101":0,"102":0,"103":0,"104":7,"105":0,"106":0,"107":0,"108":0,"109":0,"110":0,"111":0,"112":0,"113":0,"114":0,"115":0,"116":0,"117":0,"118":0,"119":0,"120":0,"121":0,"122":0,"123":0,"124":0,"125":7,"126":0,"127":0,"128":0,"129":0,"130":0,"131":0,"132":0,"133":0,"134":0,"135":0,"136":0,"137":0,"138":7,"139":0,"140":0,"141":0,"142":0,"143":0,"144":0,"145":0,"146":0,"147":0,"148":0,"149":0,"150":0,"151":0,"152":0,"153":0,"154":7,"155":0,"156":0,"157":0,"158":0,"159":0,"160":0,"161":0,"162":0,"163":7,"164":7,"165":7,"166":0,"167":7,"168":0,"169":7,"170":1,"171":1,"172":1,"173":1,"174":1,"175":0,"176":0,"177":0,"178":1,"179":1,"180":6,"181":3,"182":0,"183":0,"184":3,"185":3,"186":3,"187":1,"188":1,"189":1,"190":1,"191":1,"192":1,"193":1,"194":1,"195":2,"196":1,"197":1,"198":1,"199":1,"200":1,"201":0,"202":1,"203":0,"204":0,"205":0,"206":0,"207":0,"208":3,"209":1,"210":3,"211":1,"212":0,"213":0,"214":0,"215":0,"216":0,"217":1,"218":2,"219":2,"220":1,"221":0,"222":1,"223":2,"224":1,"225":1,"226":1,"227":0,"228":1,"229":1,"230":1,"231":0,"232":1,"233":7,"234":0,"235":0,"236":0,"237":0,"238":0,"239":0,"240":0,"241":0,"242":0,"243":0,"244":0,"245":0,"246":0,"247":0,"248":7,"249":0,"250":0,"251":0,"252":0,"253":0,"254":0,"255":0,"256":0,"257":0,"258":0,"259":7,"260":0,"261":0,"262":0,"263":0,"264":0,"265":0,"266":0,"267":7,"268":0,"269":0,"270":0,"271":0,"272":0,"273":0,"274":0,"275":0,"276":0,"277":0,"278":0,"279":0,"280":0,"281":1},"f":{"0":7,"1":0,"2":0,"3":0,"4":0,"5":0,"6":0,"7":0,"8":0,"9":0,"10":0,"11":0,"12":0,"13":0,"14":0,"15":0,"16":0,"17":0,"18":7,"19":0,"20":0,"21":3,"22":0,"23":2,"24":0,"25":0,"26":0,"27":0,"28":0,"29":0,"30":0,"31":0,"32":0},"b":{"0":[0,0],"1":[0,0],"2":[0,0],"3":[0,0],"4":[0,0],"5":[0,0],"6":[0,0],"7":[0,0],"8":[0,0],"9":[0,0],"10":[0,0],"11":[0,0],"12":[0,0],"13":[0,0],"14":[0,0],"15":[0,0],"16":[0,0],"17":[0,0],"18":[0,0],"19":[0,0],"20":[0,0],"21":[0,0],"22":[0,0],"23":[0,0],"24":[0,0],"25":[0,0],"26":[0,0],"27":[0,0],"28":[0,0,0],"29":[0,0],"30":[0,0],"31":[0,0],"32":[0,0],"33":[0,0,0,0],"34":[0,0],"35":[0,0,0],"36":[0,0],"37":[0,0,0],"38":[0,0],"39":[0,0],"40":[0,0],"41":[0,0],"42":[0,0,0],"43":[0,0],"44":[0,0,0],"45":[0,0],"46":[0,0],"47":[0,0],"48":[0,0,0],"49":[0,0],"50":[0,0,0],"51":[0,7],"52":[7,7],"53":[0,7],"54":[7,2],"55":[1,6],"56":[7,2],"57":[0,1],"58":[3,3],"59":[0,3],"60":[1,2],"61":[1,1],"62":[1,0],"63":[0,0],"64":[1,2],"65":[3,2],"66":[0,1],"67":[2,0],"68":[1,1],"69":[1,0],"70":[0,0],"71":[0,0],"72":[0,0],"73":[0,0],"74":[0,0],"75":[0,0,0],"76":[0,0],"77":[0,0],"78":[0,0],"79":[0,0],"80":[0,0],"81":[0,0],"82":[0,0],"83":[0,0],"84":[0,0],"85":[0,0],"86":[0,0],"87":[0,0]},"_coverageSchema":"1a1c01bbd47fc00a2c39e90264f33305004495a9","hash":"c9d91af910e8527abb867048fde1cd1d8ace9b0a"}
,"/home/runner/work/werewolves/werewolves/src/server/managers/broadcastManager.js": {"path":"/home/runner/work/werewolves/werewolves/src/server/managers/broadcastManager.js","statementMap":{"0":{"start":{"line":2,"column":2},"end":{"line":2,"column":87}},"1":{"start":{"line":2,"column":50},"end":{"line":2,"column":85}},"2":{"start":{"line":6,"column":2},"end":{"line":6,"column":31}},"3":{"start":{"line":6,"column":24},"end":{"line":6,"column":31}},"4":{"start":{"line":7,"column":17},"end":{"line":7,"column":56}},"5":{"start":{"line":8,"column":2},"end":{"line":8,"column":22}},"6":{"start":{"line":8,"column":15},"end":{"line":8,"column":22}},"7":{"start":{"line":9,"column":2},"end":{"line":9,"column":59}},"8":{"start":{"line":13,"column":17},"end":{"line":13,"column":39}},"9":{"start":{"line":14,"column":18},"end":{"line":22,"column":5}},"10":{"start":{"line":14,"column":63},"end":{"line":22,"column":3}},"11":{"start":{"line":23,"column":22},"end":{"line":23,"column":51}},"12":{"start":{"line":24,"column":15},"end":{"line":27,"column":5}},"13":{"start":{"line":24,"column":49},"end":{"line":27,"column":3}},"14":{"start":{"line":28,"column":2},"end":{"line":70,"column":4}},"15":{"start":{"line":47,"column":25},"end":{"line":47,"column":78}},"16":{"start":{"line":48,"column":22},"end":{"line":48,"column":28}},"17":{"start":{"line":55,"column":71},"end":{"line":55,"column":90}},"18":{"start":{"line":56,"column":58},"end":{"line":56,"column":65}},"19":{"start":{"line":73,"column":0},"end":{"line":77,"column":2}}},"fnMap":{"0":{"name":"broadcastRoom","decl":{"start":{"line":1,"column":9},"end":{"line":1,"column":22}},"loc":{"start":{"line":1,"column":33},"end":{"line":3,"column":1}},"line":1},"1":{"name":"(anonymous_1)","decl":{"start":{"line":2,"column":38},"end":{"line":2,"column":39}},"loc":{"start":{"line":2,"column":50},"end":{"line":2,"column":85}},"line":2},"2":{"name":"sendStateToPlayer","decl":{"start":{"line":5,"column":9},"end":{"line":5,"column":26}},"loc":{"start":{"line":5,"column":45},"end":{"line":10,"column":1}},"line":5},"3":{"name":"sanitizeRoom","decl":{"start":{"line":12,"column":9},"end":{"line":12,"column":21}},"loc":{"start":{"line":12,"column":38},"end":{"line":71,"column":1}},"line":12},"4":{"name":"(anonymous_4)","decl":{"start":{"line":14,"column":50},"end":{"line":14,"column":51}},"loc":{"start":{"line":14,"column":63},"end":{"line":22,"column":3}},"line":14},"5":{"name":"(anonymous_5)","decl":{"start":{"line":24,"column":39},"end":{"line":24,"column":40}},"loc":{"start":{"line":24,"column":49},"end":{"line":27,"column":3}},"line":24},"6":{"name":"(anonymous_6)","decl":{"start":{"line":47,"column":18},"end":{"line":47,"column":19}},"loc":{"start":{"line":47,"column":25},"end":{"line":47,"column":78}},"line":47},"7":{"name":"(anonymous_7)","decl":{"start":{"line":48,"column":15},"end":{"line":48,"column":16}},"loc":{"start":{"line":48,"column":22},"end":{"line":48,"column":28}},"line":48},"8":{"name":"(anonymous_8)","decl":{"start":{"line":55,"column":60},"end":{"line":55,"column":61}},"loc":{"start":{"line":55,"column":71},"end":{"line":55,"column":90}},"line":55},"9":{"name":"(anonymous_9)","decl":{"start":{"line":56,"column":51},"end":{"line":56,"column":52}},"loc":{"start":{"line":56,"column":58},"end":{"line":56,"column":65}},"line":56}},"branchMap":{"0":{"loc":{"start":{"line":6,"column":2},"end":{"line":6,"column":31}},"type":"if","locations":[{"start":{"line":6,"column":2},"end":{"line":6,"column":31}},{"start":{},"end":{}}],"line":6},"1":{"loc":{"start":{"line":8,"column":2},"end":{"line":8,"column":22}},"type":"if","locations":[{"start":{"line":8,"column":2},"end":{"line":8,"column":22}},{"start":{},"end":{}}],"line":8},"2":{"loc":{"start":{"line":20,"column":10},"end":{"line":20,"column":79}},"type":"cond-expr","locations":[{"start":{"line":20,"column":61},"end":{"line":20,"column":72}},{"start":{"line":20,"column":75},"end":{"line":20,"column":79}}],"line":20},"3":{"loc":{"start":{"line":20,"column":10},"end":{"line":20,"column":58}},"type":"binary-expr","locations":[{"start":{"line":20,"column":10},"end":{"line":20,"column":32}},{"start":{"line":20,"column":36},"end":{"line":20,"column":58}}],"line":20},"4":{"loc":{"start":{"line":21,"column":8},"end":{"line":21,"column":66}},"type":"cond-expr","locations":[{"start":{"line":21,"column":38},"end":{"line":21,"column":61}},{"start":{"line":21,"column":64},"end":{"line":21,"column":66}}],"line":21},"5":{"loc":{"start":{"line":23,"column":22},"end":{"line":23,"column":51}},"type":"cond-expr","locations":[{"start":{"line":23,"column":31},"end":{"line":23,"column":43}},{"start":{"line":23,"column":46},"end":{"line":23,"column":51}}],"line":23},"6":{"loc":{"start":{"line":26,"column":10},"end":{"line":26,"column":67}},"type":"cond-expr","locations":[{"start":{"line":26,"column":42},"end":{"line":26,"column":56}},{"start":{"line":26,"column":59},"end":{"line":26,"column":67}}],"line":26},"7":{"loc":{"start":{"line":26,"column":10},"end":{"line":26,"column":39}},"type":"binary-expr","locations":[{"start":{"line":26,"column":10},"end":{"line":26,"column":21}},{"start":{"line":26,"column":25},"end":{"line":26,"column":39}}],"line":26},"8":{"loc":{"start":{"line":37,"column":17},"end":{"line":37,"column":94}},"type":"binary-expr","locations":[{"start":{"line":37,"column":17},"end":{"line":37,"column":28}},{"start":{"line":37,"column":33},"end":{"line":37,"column":61}},{"start":{"line":37,"column":65},"end":{"line":37,"column":93}}],"line":37},"9":{"loc":{"start":{"line":39,"column":15},"end":{"line":41,"column":12}},"type":"cond-expr","locations":[{"start":{"line":40,"column":9},"end":{"line":40,"column":151}},{"start":{"line":41,"column":8},"end":{"line":41,"column":12}}],"line":39},"10":{"loc":{"start":{"line":40,"column":9},"end":{"line":40,"column":151}},"type":"cond-expr","locations":[{"start":{"line":40,"column":40},"end":{"line":40,"column":75}},{"start":{"line":40,"column":78},"end":{"line":40,"column":151}}],"line":40},"11":{"loc":{"start":{"line":40,"column":78},"end":{"line":40,"column":151}},"type":"cond-expr","locations":[{"start":{"line":40,"column":109},"end":{"line":40,"column":144}},{"start":{"line":40,"column":147},"end":{"line":40,"column":151}}],"line":40},"12":{"loc":{"start":{"line":42,"column":16},"end":{"line":42,"column":107}},"type":"cond-expr","locations":[{"start":{"line":42,"column":43},"end":{"line":42,"column":58}},{"start":{"line":42,"column":61},"end":{"line":42,"column":107}}],"line":42},"13":{"loc":{"start":{"line":43,"column":15},"end":{"line":43,"column":66}},"type":"cond-expr","locations":[{"start":{"line":43,"column":45},"end":{"line":43,"column":59}},{"start":{"line":43,"column":62},"end":{"line":43,"column":66}}],"line":43},"14":{"loc":{"start":{"line":44,"column":16},"end":{"line":44,"column":96}},"type":"cond-expr","locations":[{"start":{"line":44,"column":74},"end":{"line":44,"column":89}},{"start":{"line":44,"column":92},"end":{"line":44,"column":96}}],"line":44},"15":{"loc":{"start":{"line":44,"column":16},"end":{"line":44,"column":71}},"type":"binary-expr","locations":[{"start":{"line":44,"column":16},"end":{"line":44,"column":40}},{"start":{"line":44,"column":44},"end":{"line":44,"column":71}}],"line":44},"16":{"loc":{"start":{"line":45,"column":15},"end":{"line":49,"column":12}},"type":"cond-expr","locations":[{"start":{"line":46,"column":8},"end":{"line":48,"column":29}},{"start":{"line":49,"column":8},"end":{"line":49,"column":12}}],"line":45},"17":{"loc":{"start":{"line":47,"column":25},"end":{"line":47,"column":78}},"type":"binary-expr","locations":[{"start":{"line":47,"column":25},"end":{"line":47,"column":46}},{"start":{"line":47,"column":50},"end":{"line":47,"column":67}},{"start":{"line":47,"column":71},"end":{"line":47,"column":78}}],"line":47},"18":{"loc":{"start":{"line":50,"column":19},"end":{"line":50,"column":78}},"type":"cond-expr","locations":[{"start":{"line":50,"column":53},"end":{"line":50,"column":71}},{"start":{"line":50,"column":74},"end":{"line":50,"column":78}}],"line":50},"19":{"loc":{"start":{"line":52,"column":16},"end":{"line":52,"column":66}},"type":"cond-expr","locations":[{"start":{"line":52,"column":42},"end":{"line":52,"column":59}},{"start":{"line":52,"column":62},"end":{"line":52,"column":66}}],"line":52},"20":{"loc":{"start":{"line":63,"column":10},"end":{"line":69,"column":12}},"type":"cond-expr","locations":[{"start":{"line":63,"column":19},"end":{"line":69,"column":5}},{"start":{"line":69,"column":8},"end":{"line":69,"column":12}}],"line":63},"21":{"loc":{"start":{"line":68,"column":13},"end":{"line":68,"column":67}},"type":"cond-expr","locations":[{"start":{"line":68,"column":43},"end":{"line":68,"column":55}},{"start":{"line":68,"column":58},"end":{"line":68,"column":67}}],"line":68}},"s":{"0":0,"1":0,"2":0,"3":0,"4":0,"5":0,"6":0,"7":0,"8":4,"9":4,"10":10,"11":4,"12":4,"13":2,"14":4,"15":0,"16":0,"17":0,"18":10,"19":1},"f":{"0":0,"1":0,"2":0,"3":4,"4":10,"5":2,"6":0,"7":0,"8":0,"9":10},"b":{"0":[0,0],"1":[0,0],"2":[5,5],"3":[10,6],"4":[0,10],"5":[4,0],"6":[2,0],"7":[2,2],"8":[4,2,1],"9":[2,2],"10":[1,1],"11":[0,1],"12":[0,4],"13":[0,4],"14":[0,4],"15":[4,4],"16":[0,4],"17":[0,0,0],"18":[0,4],"19":[0,4],"20":[4,0],"21":[0,4]},"_coverageSchema":"1a1c01bbd47fc00a2c39e90264f33305004495a9","hash":"2c34535d06811a32fd4da8ab735ea5445e370c4d"}
,"/home/runner/work/werewolves/werewolves/src/server/managers/deathManager.js": {"path":"/home/runner/work/werewolves/werewolves/src/server/managers/deathManager.js","statementMap":{"0":{"start":{"line":1,"column":22},"end":{"line":1,"column":52}},"1":{"start":{"line":2,"column":36},"end":{"line":2,"column":63}},"2":{"start":{"line":5,"column":2},"end":{"line":5,"column":48}},"3":{"start":{"line":9,"column":20},"end":{"line":9,"column":22}},"4":{"start":{"line":10,"column":2},"end":{"line":36,"column":3}},"5":{"start":{"line":11,"column":33},"end":{"line":11,"column":59}},"6":{"start":{"line":12,"column":19},"end":{"line":12,"column":41}},"7":{"start":{"line":13,"column":4},"end":{"line":13,"column":43}},"8":{"start":{"line":13,"column":34},"end":{"line":13,"column":43}},"9":{"start":{"line":14,"column":4},"end":{"line":14,"column":25}},"10":{"start":{"line":15,"column":4},"end":{"line":15,"column":29}},"11":{"start":{"line":16,"column":4},"end":{"line":16,"column":61}},"12":{"start":{"line":17,"column":4},"end":{"line":21,"column":6}},"13":{"start":{"line":22,"column":4},"end":{"line":28,"column":5}},"14":{"start":{"line":23,"column":21},"end":{"line":23,"column":79}},"15":{"start":{"line":24,"column":6},"end":{"line":27,"column":7}},"16":{"start":{"line":25,"column":8},"end":{"line":25,"column":44}},"17":{"start":{"line":26,"column":8},"end":{"line":26,"column":61}},"18":{"start":{"line":29,"column":4},"end":{"line":35,"column":5}},"19":{"start":{"line":30,"column":22},"end":{"line":30,"column":86}},"20":{"start":{"line":31,"column":20},"end":{"line":31,"column":41}},"21":{"start":{"line":32,"column":6},"end":{"line":34,"column":7}},"22":{"start":{"line":33,"column":8},"end":{"line":33,"column":56}},"23":{"start":{"line":37,"column":2},"end":{"line":39,"column":3}},"24":{"start":{"line":38,"column":4},"end":{"line":38,"column":37}},"25":{"start":{"line":40,"column":2},"end":{"line":42,"column":3}},"26":{"start":{"line":41,"column":4},"end":{"line":41,"column":23}},"27":{"start":{"line":43,"column":2},"end":{"line":43,"column":22}},"28":{"start":{"line":47,"column":2},"end":{"line":47,"column":26}},"29":{"start":{"line":47,"column":19},"end":{"line":47,"column":26}},"30":{"start":{"line":48,"column":16},"end":{"line":48,"column":66}},"31":{"start":{"line":48,"column":58},"end":{"line":48,"column":65}},"32":{"start":{"line":49,"column":17},"end":{"line":49,"column":59}},"33":{"start":{"line":49,"column":37},"end":{"line":49,"column":58}},"34":{"start":{"line":50,"column":2},"end":{"line":58,"column":3}},"35":{"start":{"line":51,"column":4},"end":{"line":51,"column":74}},"36":{"start":{"line":52,"column":4},"end":{"line":52,"column":25}},"37":{"start":{"line":53,"column":4},"end":{"line":53,"column":26}},"38":{"start":{"line":54,"column":4},"end":{"line":54,"column":30}},"39":{"start":{"line":55,"column":4},"end":{"line":55,"column":32}},"40":{"start":{"line":56,"column":4},"end":{"line":56,"column":26}},"41":{"start":{"line":57,"column":4},"end":{"line":57,"column":11}},"42":{"start":{"line":59,"column":17},"end":{"line":59,"column":45}},"43":{"start":{"line":60,"column":2},"end":{"line":67,"column":3}},"44":{"start":{"line":61,"column":4},"end":{"line":61,"column":75}},"45":{"start":{"line":62,"column":4},"end":{"line":62,"column":25}},"46":{"start":{"line":63,"column":4},"end":{"line":63,"column":26}},"47":{"start":{"line":64,"column":4},"end":{"line":64,"column":30}},"48":{"start":{"line":65,"column":4},"end":{"line":65,"column":32}},"49":{"start":{"line":66,"column":4},"end":{"line":66,"column":26}},"50":{"start":{"line":70,"column":0},"end":{"line":74,"column":2}}},"fnMap":{"0":{"name":"queueDeath","decl":{"start":{"line":4,"column":9},"end":{"line":4,"column":19}},"loc":{"start":{"line":4,"column":44},"end":{"line":6,"column":1}},"line":4},"1":{"name":"resolveDeaths","decl":{"start":{"line":8,"column":9},"end":{"line":8,"column":22}},"loc":{"start":{"line":8,"column":69},"end":{"line":44,"column":1}},"line":8},"2":{"name":"checkWinners","decl":{"start":{"line":46,"column":9},"end":{"line":46,"column":21}},"loc":{"start":{"line":46,"column":28},"end":{"line":68,"column":1}},"line":46},"3":{"name":"(anonymous_3)","decl":{"start":{"line":48,"column":51},"end":{"line":48,"column":52}},"loc":{"start":{"line":48,"column":58},"end":{"line":48,"column":65}},"line":48},"4":{"name":"(anonymous_4)","decl":{"start":{"line":49,"column":30},"end":{"line":49,"column":31}},"loc":{"start":{"line":49,"column":37},"end":{"line":49,"column":58}},"line":49}},"branchMap":{"0":{"loc":{"start":{"line":8,"column":29},"end":{"line":8,"column":48}},"type":"default-arg","locations":[{"start":{"line":8,"column":39},"end":{"line":8,"column":48}}],"line":8},"1":{"loc":{"start":{"line":13,"column":4},"end":{"line":13,"column":43}},"type":"if","locations":[{"start":{"line":13,"column":4},"end":{"line":13,"column":43}},{"start":{},"end":{}}],"line":13},"2":{"loc":{"start":{"line":13,"column":8},"end":{"line":13,"column":32}},"type":"binary-expr","locations":[{"start":{"line":13,"column":8},"end":{"line":13,"column":15}},{"start":{"line":13,"column":19},"end":{"line":13,"column":32}}],"line":13},"3":{"loc":{"start":{"line":19,"column":48},"end":{"line":19,"column":92}},"type":"binary-expr","locations":[{"start":{"line":19,"column":48},"end":{"line":19,"column":77}},{"start":{"line":19,"column":81},"end":{"line":19,"column":92}}],"line":19},"4":{"loc":{"start":{"line":20,"column":36},"end":{"line":20,"column":80}},"type":"binary-expr","locations":[{"start":{"line":20,"column":36},"end":{"line":20,"column":65}},{"start":{"line":20,"column":69},"end":{"line":20,"column":80}}],"line":20},"5":{"loc":{"start":{"line":22,"column":4},"end":{"line":28,"column":5}},"type":"if","locations":[{"start":{"line":22,"column":4},"end":{"line":28,"column":5}},{"start":{},"end":{}}],"line":22},"6":{"loc":{"start":{"line":22,"column":8},"end":{"line":22,"column":38}},"type":"binary-expr","locations":[{"start":{"line":22,"column":8},"end":{"line":22,"column":32}},{"start":{"line":22,"column":36},"end":{"line":22,"column":38}}],"line":22},"7":{"loc":{"start":{"line":23,"column":21},"end":{"line":23,"column":79}},"type":"binary-expr","locations":[{"start":{"line":23,"column":21},"end":{"line":23,"column":36}},{"start":{"line":23,"column":40},"end":{"line":23,"column":79}}],"line":23},"8":{"loc":{"start":{"line":24,"column":6},"end":{"line":27,"column":7}},"type":"if","locations":[{"start":{"line":24,"column":6},"end":{"line":27,"column":7}},{"start":{},"end":{}}],"line":24},"9":{"loc":{"start":{"line":24,"column":10},"end":{"line":24,"column":36}},"type":"binary-expr","locations":[{"start":{"line":24,"column":10},"end":{"line":24,"column":16}},{"start":{"line":24,"column":20},"end":{"line":24,"column":36}}],"line":24},"10":{"loc":{"start":{"line":29,"column":4},"end":{"line":35,"column":5}},"type":"if","locations":[{"start":{"line":29,"column":4},"end":{"line":35,"column":5}},{"start":{},"end":{}}],"line":29},"11":{"loc":{"start":{"line":29,"column":8},"end":{"line":29,"column":85}},"type":"binary-expr","locations":[{"start":{"line":29,"column":8},"end":{"line":29,"column":19}},{"start":{"line":29,"column":24},"end":{"line":29,"column":52}},{"start":{"line":29,"column":56},"end":{"line":29,"column":84}}],"line":29},"12":{"loc":{"start":{"line":30,"column":22},"end":{"line":30,"column":86}},"type":"cond-expr","locations":[{"start":{"line":30,"column":53},"end":{"line":30,"column":68}},{"start":{"line":30,"column":71},"end":{"line":30,"column":86}}],"line":30},"13":{"loc":{"start":{"line":32,"column":6},"end":{"line":34,"column":7}},"type":"if","locations":[{"start":{"line":32,"column":6},"end":{"line":34,"column":7}},{"start":{},"end":{}}],"line":32},"14":{"loc":{"start":{"line":32,"column":10},"end":{"line":32,"column":30}},"type":"binary-expr","locations":[{"start":{"line":32,"column":10},"end":{"line":32,"column":15}},{"start":{"line":32,"column":19},"end":{"line":32,"column":30}}],"line":32},"15":{"loc":{"start":{"line":37,"column":2},"end":{"line":39,"column":3}},"type":"if","locations":[{"start":{"line":37,"column":2},"end":{"line":39,"column":3}},{"start":{},"end":{}}],"line":37},"16":{"loc":{"start":{"line":37,"column":6},"end":{"line":37,"column":45}},"type":"binary-expr","locations":[{"start":{"line":37,"column":6},"end":{"line":37,"column":22}},{"start":{"line":37,"column":26},"end":{"line":37,"column":45}}],"line":37},"17":{"loc":{"start":{"line":40,"column":2},"end":{"line":42,"column":3}},"type":"if","locations":[{"start":{"line":40,"column":2},"end":{"line":42,"column":3}},{"start":{},"end":{}}],"line":40},"18":{"loc":{"start":{"line":47,"column":2},"end":{"line":47,"column":26}},"type":"if","locations":[{"start":{"line":47,"column":2},"end":{"line":47,"column":26}},{"start":{},"end":{}}],"line":47},"19":{"loc":{"start":{"line":50,"column":2},"end":{"line":58,"column":3}},"type":"if","locations":[{"start":{"line":50,"column":2},"end":{"line":58,"column":3}},{"start":{},"end":{}}],"line":50},"20":{"loc":{"start":{"line":60,"column":2},"end":{"line":67,"column":3}},"type":"if","locations":[{"start":{"line":60,"column":2},"end":{"line":67,"column":3}},{"start":{},"end":{}}],"line":60}},"s":{"0":2,"1":2,"2":3,"3":2,"4":2,"5":3,"6":3,"7":3,"8":0,"9":3,"10":3,"11":3,"12":3,"13":3,"14":1,"15":1,"16":1,"17":1,"18":3,"19":2,"20":2,"21":2,"22":1,"23":2,"24":1,"25":2,"26":1,"27":2,"28":2,"29":0,"30":2,"31":6,"32":2,"33":4,"34":2,"35":0,"36":0,"37":0,"38":0,"39":0,"40":0,"41":0,"42":2,"43":2,"44":2,"45":2,"46":2,"47":2,"48":2,"49":2,"50":2},"f":{"0":3,"1":2,"2":2,"3":6,"4":4},"b":{"0":[0],"1":[0,3],"2":[3,3],"3":[3,0],"4":[3,0],"5":[1,2],"6":[3,1],"7":[1,1],"8":[1,0],"9":[1,1],"10":[2,1],"11":[3,2,1],"12":[1,1],"13":[1,1],"14":[2,2],"15":[1,1],"16":[2,2],"17":[1,1],"18":[0,2],"19":[0,2],"20":[2,0]},"_coverageSchema":"1a1c01bbd47fc00a2c39e90264f33305004495a9","hash":"037accc1f8d0962177aa1b394e19d2e9b8c35beb"}
,"/home/runner/work/werewolves/werewolves/src/server/managers/nightManager.js": {"path":"/home/runner/work/werewolves/werewolves/src/server/managers/nightManager.js","statementMap":{"0":{"start":{"line":1,"column":55},"end":{"line":1,"column":80}},"1":{"start":{"line":4,"column":17},"end":{"line":4,"column":92}},"2":{"start":{"line":4,"column":59},"end":{"line":4,"column":91}},"3":{"start":{"line":5,"column":2},"end":{"line":8,"column":3}},"4":{"start":{"line":6,"column":4},"end":{"line":6,"column":55}},"5":{"start":{"line":7,"column":4},"end":{"line":7,"column":11}},"6":{"start":{"line":9,"column":18},"end":{"line":9,"column":72}},"7":{"start":{"line":9,"column":40},"end":{"line":9,"column":71}},"8":{"start":{"line":10,"column":2},"end":{"line":10,"column":22}},"9":{"start":{"line":10,"column":15},"end":{"line":10,"column":22}},"10":{"start":{"line":11,"column":16},"end":{"line":11,"column":18}},"11":{"start":{"line":12,"column":2},"end":{"line":15,"column":5}},"12":{"start":{"line":13,"column":4},"end":{"line":13,"column":26}},"13":{"start":{"line":13,"column":19},"end":{"line":13,"column":26}},"14":{"start":{"line":14,"column":4},"end":{"line":14,"column":49}},"15":{"start":{"line":16,"column":15},"end":{"line":16,"column":19}},"16":{"start":{"line":17,"column":12},"end":{"line":17,"column":13}},"17":{"start":{"line":18,"column":13},"end":{"line":18,"column":15}},"18":{"start":{"line":19,"column":2},"end":{"line":27,"column":5}},"19":{"start":{"line":20,"column":4},"end":{"line":26,"column":5}},"20":{"start":{"line":21,"column":6},"end":{"line":21,"column":18}},"21":{"start":{"line":22,"column":6},"end":{"line":22,"column":24}},"22":{"start":{"line":23,"column":6},"end":{"line":23,"column":24}},"23":{"start":{"line":24,"column":11},"end":{"line":26,"column":5}},"24":{"start":{"line":25,"column":6},"end":{"line":25,"column":26}},"25":{"start":{"line":28,"column":2},"end":{"line":30,"column":3}},"26":{"start":{"line":29,"column":4},"end":{"line":29,"column":59}},"27":{"start":{"line":31,"column":2},"end":{"line":36,"column":3}},"28":{"start":{"line":32,"column":27},"end":{"line":32,"column":102}},"29":{"start":{"line":32,"column":69},"end":{"line":32,"column":101}},"30":{"start":{"line":33,"column":4},"end":{"line":35,"column":5}},"31":{"start":{"line":34,"column":6},"end":{"line":34,"column":84}},"32":{"start":{"line":37,"column":2},"end":{"line":37,"column":27}},"33":{"start":{"line":38,"column":2},"end":{"line":38,"column":53}},"34":{"start":{"line":42,"column":2},"end":{"line":51,"column":3}},"35":{"start":{"line":43,"column":22},"end":{"line":43,"column":91}},"36":{"start":{"line":43,"column":62},"end":{"line":43,"column":90}},"37":{"start":{"line":44,"column":4},"end":{"line":48,"column":5}},"38":{"start":{"line":45,"column":6},"end":{"line":45,"column":29}},"39":{"start":{"line":46,"column":6},"end":{"line":46,"column":58}},"40":{"start":{"line":47,"column":6},"end":{"line":47,"column":13}},"41":{"start":{"line":49,"column":4},"end":{"line":49,"column":24}},"42":{"start":{"line":50,"column":4},"end":{"line":50,"column":11}},"43":{"start":{"line":52,"column":2},"end":{"line":60,"column":3}},"44":{"start":{"line":53,"column":23},"end":{"line":53,"column":93}},"45":{"start":{"line":53,"column":63},"end":{"line":53,"column":92}},"46":{"start":{"line":54,"column":4},"end":{"line":57,"column":5}},"47":{"start":{"line":55,"column":6},"end":{"line":55,"column":60}},"48":{"start":{"line":56,"column":6},"end":{"line":56,"column":13}},"49":{"start":{"line":58,"column":4},"end":{"line":58,"column":24}},"50":{"start":{"line":59,"column":4},"end":{"line":59,"column":11}},"51":{"start":{"line":64,"column":2},"end":{"line":75,"column":3}},"52":{"start":{"line":65,"column":4},"end":{"line":65,"column":47}},"53":{"start":{"line":65,"column":40},"end":{"line":65,"column":47}},"54":{"start":{"line":66,"column":4},"end":{"line":66,"column":33}},"55":{"start":{"line":66,"column":26},"end":{"line":66,"column":33}},"56":{"start":{"line":67,"column":4},"end":{"line":67,"column":42}},"57":{"start":{"line":68,"column":4},"end":{"line":68,"column":40}},"58":{"start":{"line":69,"column":9},"end":{"line":75,"column":3}},"59":{"start":{"line":70,"column":4},"end":{"line":70,"column":49}},"60":{"start":{"line":70,"column":42},"end":{"line":70,"column":49}},"61":{"start":{"line":71,"column":19},"end":{"line":71,"column":41}},"62":{"start":{"line":72,"column":4},"end":{"line":72,"column":41}},"63":{"start":{"line":72,"column":34},"end":{"line":72,"column":41}},"64":{"start":{"line":73,"column":4},"end":{"line":73,"column":44}},"65":{"start":{"line":74,"column":4},"end":{"line":74,"column":33}},"66":{"start":{"line":77,"column":2},"end":{"line":77,"column":56}},"67":{"start":{"line":81,"column":40},"end":{"line":81,"column":65}},"68":{"start":{"line":82,"column":2},"end":{"line":84,"column":3}},"69":{"start":{"line":83,"column":4},"end":{"line":83,"column":61}},"70":{"start":{"line":85,"column":2},"end":{"line":87,"column":3}},"71":{"start":{"line":86,"column":4},"end":{"line":86,"column":61}},"72":{"start":{"line":88,"column":2},"end":{"line":88,"column":27}},"73":{"start":{"line":89,"column":2},"end":{"line":89,"column":27}},"74":{"start":{"line":90,"column":2},"end":{"line":90,"column":50}},"75":{"start":{"line":91,"column":2},"end":{"line":93,"column":3}},"76":{"start":{"line":92,"column":4},"end":{"line":92,"column":63}},"77":{"start":{"line":96,"column":0},"end":{"line":101,"column":2}}},"fnMap":{"0":{"name":"tryFinalizeWolfVote","decl":{"start":{"line":3,"column":9},"end":{"line":3,"column":28}},"loc":{"start":{"line":3,"column":54},"end":{"line":39,"column":1}},"line":3},"1":{"name":"(anonymous_1)","decl":{"start":{"line":4,"column":52},"end":{"line":4,"column":53}},"loc":{"start":{"line":4,"column":59},"end":{"line":4,"column":91}},"line":4},"2":{"name":"(anonymous_2)","decl":{"start":{"line":9,"column":30},"end":{"line":9,"column":31}},"loc":{"start":{"line":9,"column":40},"end":{"line":9,"column":71}},"line":9},"3":{"name":"(anonymous_3)","decl":{"start":{"line":12,"column":40},"end":{"line":12,"column":41}},"loc":{"start":{"line":12,"column":54},"end":{"line":15,"column":3}},"line":12},"4":{"name":"(anonymous_4)","decl":{"start":{"line":19,"column":32},"end":{"line":19,"column":33}},"loc":{"start":{"line":19,"column":55},"end":{"line":27,"column":3}},"line":19},"5":{"name":"(anonymous_5)","decl":{"start":{"line":32,"column":62},"end":{"line":32,"column":63}},"loc":{"start":{"line":32,"column":69},"end":{"line":32,"column":101}},"line":32},"6":{"name":"advanceNightStep","decl":{"start":{"line":41,"column":9},"end":{"line":41,"column":25}},"loc":{"start":{"line":41,"column":51},"end":{"line":61,"column":1}},"line":41},"7":{"name":"(anonymous_7)","decl":{"start":{"line":43,"column":55},"end":{"line":43,"column":56}},"loc":{"start":{"line":43,"column":62},"end":{"line":43,"column":90}},"line":43},"8":{"name":"(anonymous_8)","decl":{"start":{"line":53,"column":56},"end":{"line":53,"column":57}},"loc":{"start":{"line":53,"column":63},"end":{"line":53,"column":92}},"line":53},"9":{"name":"handleWitchDecision","decl":{"start":{"line":63,"column":9},"end":{"line":63,"column":28}},"loc":{"start":{"line":63,"column":72},"end":{"line":78,"column":1}},"line":63},"10":{"name":"resolveNight","decl":{"start":{"line":80,"column":9},"end":{"line":80,"column":21}},"loc":{"start":{"line":80,"column":47},"end":{"line":94,"column":1}},"line":80}},"branchMap":{"0":{"loc":{"start":{"line":4,"column":59},"end":{"line":4,"column":91}},"type":"binary-expr","locations":[{"start":{"line":4,"column":59},"end":{"line":4,"column":80}},{"start":{"line":4,"column":84},"end":{"line":4,"column":91}}],"line":4},"1":{"loc":{"start":{"line":5,"column":2},"end":{"line":8,"column":3}},"type":"if","locations":[{"start":{"line":5,"column":2},"end":{"line":8,"column":3}},{"start":{},"end":{}}],"line":5},"2":{"loc":{"start":{"line":10,"column":2},"end":{"line":10,"column":22}},"type":"if","locations":[{"start":{"line":10,"column":2},"end":{"line":10,"column":22}},{"start":{},"end":{}}],"line":10},"3":{"loc":{"start":{"line":13,"column":4},"end":{"line":13,"column":26}},"type":"if","locations":[{"start":{"line":13,"column":4},"end":{"line":13,"column":26}},{"start":{},"end":{}}],"line":13},"4":{"loc":{"start":{"line":14,"column":23},"end":{"line":14,"column":43}},"type":"binary-expr","locations":[{"start":{"line":14,"column":23},"end":{"line":14,"column":38}},{"start":{"line":14,"column":42},"end":{"line":14,"column":43}}],"line":14},"5":{"loc":{"start":{"line":20,"column":4},"end":{"line":26,"column":5}},"type":"if","locations":[{"start":{"line":20,"column":4},"end":{"line":26,"column":5}},{"start":{"line":24,"column":11},"end":{"line":26,"column":5}}],"line":20},"6":{"loc":{"start":{"line":24,"column":11},"end":{"line":26,"column":5}},"type":"if","locations":[{"start":{"line":24,"column":11},"end":{"line":26,"column":5}},{"start":{},"end":{}}],"line":24},"7":{"loc":{"start":{"line":28,"column":2},"end":{"line":30,"column":3}},"type":"if","locations":[{"start":{"line":28,"column":2},"end":{"line":30,"column":3}},{"start":{},"end":{}}],"line":28},"8":{"loc":{"start":{"line":31,"column":2},"end":{"line":36,"column":3}},"type":"if","locations":[{"start":{"line":31,"column":2},"end":{"line":36,"column":3}},{"start":{},"end":{}}],"line":31},"9":{"loc":{"start":{"line":31,"column":6},"end":{"line":31,"column":30}},"type":"binary-expr","locations":[{"start":{"line":31,"column":6},"end":{"line":31,"column":13}},{"start":{"line":31,"column":17},"end":{"line":31,"column":30}}],"line":31},"10":{"loc":{"start":{"line":32,"column":69},"end":{"line":32,"column":101}},"type":"binary-expr","locations":[{"start":{"line":32,"column":69},"end":{"line":32,"column":76}},{"start":{"line":32,"column":80},"end":{"line":32,"column":101}}],"line":32},"11":{"loc":{"start":{"line":33,"column":4},"end":{"line":35,"column":5}},"type":"if","locations":[{"start":{"line":33,"column":4},"end":{"line":35,"column":5}},{"start":{},"end":{}}],"line":33},"12":{"loc":{"start":{"line":42,"column":2},"end":{"line":51,"column":3}},"type":"if","locations"
[...]
,"column":20},"end":{"line":2,"column":47}},"2":{"start":{"line":5,"column":21},"end":{"line":5,"column":47}},"3":{"start":{"line":6,"column":2},"end":{"line":9,"column":3}},"4":{"start":{"line":7,"column":16},"end":{"line":7,"column":35}},"5":{"start":{"line":8,"column":4},"end":{"line":8,"column":100}},"6":{"start":{"line":10,"column":2},"end":{"line":10,"column":20}},"7":{"start":{"line":14,"column":18},"end":{"line":14,"column":45}},"8":{"start":{"line":15,"column":2},"end":{"line":17,"column":3}},"9":{"start":{"line":16,"column":4},"end":{"line":16,"column":65}},"10":{"start":{"line":18,"column":21},"end":{"line":18,"column":95}},"11":{"start":{"line":18,"column":80},"end":{"line":18,"column":91}},"12":{"start":{"line":19,"column":2},"end":{"line":21,"column":3}},"13":{"start":{"line":20,"column":4},"end":{"line":20,"column":51}},"14":{"start":{"line":22,"column":2},"end":{"line":24,"column":3}},"15":{"start":{"line":23,"column":4},"end":{"line":23,"column":49}},"16":{"start":{"line":25,"column":2},"end":{"line":25,"column":22}},"17":{"start":{"line":29,"column":18},"end":{"line":29,"column":54}},"18":{"start":{"line":30,"column":15},"end":{"line":30,"column":17}},"19":{"start":{"line":31,"column":2},"end":{"line":35,"column":3}},"20":{"start":{"line":32,"column":4},"end":{"line":34,"column":5}},"21":{"start":{"line":32,"column":17},"end":{"line":32,"column":18}},"22":{"start":{"line":33,"column":6},"end":{"line":33,"column":22}},"23":{"start":{"line":36,"column":2},"end":{"line":38,"column":3}},"24":{"start":{"line":37,"column":4},"end":{"line":37,"column":26}},"25":{"start":{"line":39,"column":2},"end":{"line":39,"column":16}},"26":{"start":{"line":40,"column":2},"end":{"line":51,"column":5}},"27":{"start":{"line":41,"column":17},"end":{"line":41,"column":28}},"28":{"start":{"line":42,"column":4},"end":{"line":42,"column":23}},"29":{"start":{"line":43,"column":4},"end":{"line":43,"column":53}},"30":{"start":{"line":44,"column":4},"end":{"line":44,"column":25}},"31":{"start":{"line":45,"column":4},"end":{"line":45,"column":29}},"32":{"start":{"line":46,"column":4},"end":{"line":50,"column":5}},"33":{"start":{"line":47,"column":6},"end":{"line":47,"column":42}},"34":{"start":{"line":49,"column":6},"end":{"line":49,"column":32}},"35":{"start":{"line":54,"column":0},"end":{"line":58,"column":2}}},"fnMap":{"0":{"name":"normalizeRoleConfig","decl":{"start":{"line":4,"column":9},"end":{"line":4,"column":28}},"loc":{"start":{"line":4,"column":42},"end":{"line":11,"column":1}},"line":4},"1":{"name":"validateCounts","decl":{"start":{"line":13,"column":9},"end":{"line":13,"column":23}},"loc":{"start":{"line":13,"column":30},"end":{"line":26,"column":1}},"line":13},"2":{"name":"(anonymous_2)","decl":{"start":{"line":18,"column":60},"end":{"line":18,"column":61}},"loc":{"start":{"line":18,"column":80},"end":{"line":18,"column":91}},"line":18},"3":{"name":"assignRoles","decl":{"start":{"line":28,"column":9},"end":{"line":28,"column":20}},"loc":{"start":{"line":28,"column":27},"end":{"line":52,"column":1}},"line":28},"4":{"name":"(anonymous_4)","decl":{"start":{"line":40,"column":18},"end":{"line":40,"column":19}},"loc":{"start":{"line":40,"column":37},"end":{"line":51,"column":3}},"line":40}},"branchMap":{"0":{"loc":{"start":{"line":4,"column":29},"end":{"line":4,"column":40}},"type":"default-arg","locations":[{"start":{"line":4,"column":38},"end":{"line":4,"column":40}}],"line":4},"1":{"loc":{"start":{"line":8,"column":22},"end":{"line":8,"column":99}},"type":"cond-expr","locations":[{"start":{"line":8,"column":57},"end":{"line":8,"column":72}},{"start":{"line":8,"column":75},"end":{"line":8,"column":99}}],"line":8},"2":{"loc":{"start":{"line":8,"column":22},"end":{"line":8,"column":54}},"type":"binary-expr","locations":[{"start":{"line":8,"column":22},"end":{"line":8,"column":42}},{"start":{"line":8,"column":46},"end":{"line":8,"column":54}}],"line":8},"3":{"loc":{"start":{"line":15,"column":2},"end":{"line":17,"column":3}},"type":"if","locations":[{"start":{"line":15,"column":2},"end":{"line":17,"column":3}},{"start":{},"end":{}}],"line":15},"4":{"loc":{"start":{"line":19,"column":2},"end":{"line":21,"column":3}},"type":"if","locations":[{"start":{"line":19,"column":2},"end":{"line":21,"column":3}},{"start":{},"end":{}}],"line":19},"5":{"loc":{"start":{"line":22,"column":2},"end":{"line":24,"column":3}},"type":"if","locations":[{"start":{"line":22,"column":2},"end":{"line":24,"column":3}},{"start":{},"end":{}}],"line":22},"6":{"loc":{"start":{"line":43,"column":18},"end":{"line":43,"column":52}},"type":"binary-expr","locations":[{"start":{"line":43,"column":18},"end":{"line":43,"column":39}},{"start":{"line":43,"column":43},"end":{"line":43,"column":52}}],"line":43},"7":{"loc":{"start":{"line":46,"column":4},"end":{"line":50,"column":5}},"type":"if","locations":[{"start":{"line":46,"column":4},"end":{"line":50,"column":5}},{"start":{"line":48,"column":11},"end":{"line":50,"column":5}}],"line":46}},"s":{"0":2,"1":2,"2":1,"3":1,"4":6,"5":6,"6":1,"7":3,"8":3,"9":1,"10":2,"11":12,"12":2,"13":1,"14":1,"15":1,"16":0,"17":1,"18":1,"19":1,"20":6,"21":6,"22":2,"23":1,"24":1,"25":1,"26":1,"27":3,"28":3,"29":3,"30":3,"31":3,"32":3,"33":1,"34":2,"35":2},"f":{"0":1,"1":3,"2":12,"3":1,"4":3},"b":{"0":[0],"1":[3,3],"2":[6,4],"3":[1,2],"4":[1,1],"5":[1,0],"6":[3,0],"7":[1,2]},"_coverageSchema":"1a1c01bbd47fc00a2c39e90264f33305004495a9","hash":"65fca8efd1a5a782b6c52b03fc4c415c96a8d73d"}
,"/home/runner/work/werewolves/werewolves/src/server/managers/voteManager.js": {"path":"/home/runner/work/werewolves/werewolves/src/server/managers/voteManager.js","statementMap":{"0":{"start":{"line":1,"column":22},"end":{"line":1,"column":52}},"1":{"start":{"line":2,"column":36},"end":{"line":2,"column":63}},"2":{"start":{"line":3,"column":36},"end":{"line":3,"column":61}},"3":{"start":{"line":6,"column":23},"end":{"line":6,"column":73}},"4":{"start":{"line":6,"column":65},"end":{"line":6,"column":72}},"5":{"start":{"line":7,"column":24},"end":{"line":7,"column":91}},"6":{"start":{"line":7,"column":50},"end":{"line":7,"column":90}},"7":{"start":{"line":8,"column":2},"end":{"line":8,"column":29}},"8":{"start":{"line":8,"column":22},"end":{"line":8,"column":29}},"9":{"start":{"line":9,"column":18},"end":{"line":9,"column":20}},"10":{"start":{"line":10,"column":16},"end":{"line":10,"column":51}},"11":{"start":{"line":11,"column":23},"end":{"line":11,"column":69}},"12":{"start":{"line":11,"column":47},"end":{"line":11,"column":61}},"13":{"start":{"line":12,"column":2},"end":{"line":15,"column":5}},"14":{"start":{"line":13,"column":4},"end":{"line":13,"column":26}},"15":{"start":{"line":13,"column":19},"end":{"line":13,"column":26}},"16":{"start":{"line":14,"column":4},"end":{"line":14,"column":53}},"17":{"start":{"line":16,"column":18},"end":{"line":16,"column":41}},"18":{"start":{"line":17,"column":2},"end":{"line":21,"column":3}},"19":{"start":{"line":18,"column":4},"end":{"line":18,"column":89}},"20":{"start":{"line":19,"column":4},"end":{"line":19,"column":63}},"21":{"start":{"line":20,"column":4},"end":{"line":20,"column":11}},"22":{"start":{"line":22,"column":2},"end":{"line":22,"column":38}},"23":{"start":{"line":22,"column":25},"end":{"line":22,"column":36}},"24":{"start":{"line":23,"column":14},"end":{"line":23,"column":24}},"25":{"start":{"line":27,"column":2},"end":{"line":31,"column":3}},"26":{"start":{"line":28,"column":4},"end":{"line":28,"column":101}},"27":{"start":{"line":29,"column":4},"end":{"line":29,"column":63}},"28":{"start":{"line":30,"column":4},"end":{"line":30,"column":11}},"29":{"start":{"line":32,"column":15},"end":{"line":32,"column":80}},"30":{"start":{"line":32,"column":45},"end":{"line":32,"column":61}},"31":{"start":{"line":32,"column":77},"end":{"line":32,"column":79}},"32":{"start":{"line":33,"column":2},"end":{"line":45,"column":3}},"33":{"start":{"line":34,"column":4},"end":{"line":40,"column":5}},"34":{"start":{"line":35,"column":6},"end":{"line":35,"column":42}},"35":{"start":{"line":36,"column":6},"end":{"line":36,"column":32}},"36":{"start":{"line":37,"column":6},"end":{"line":37,"column":67}},"37":{"start":{"line":38,"column":6},"end":{"line":38,"column":26}},"38":{"start":{"line":39,"column":6},"end":{"line":39,"column":13}},"39":{"start":{"line":41,"column":23},"end":{"line":41,"column":68}},"40":{"start":{"line":42,"column":4},"end":{"line":42,"column":56}},"41":{"start":{"line":44,"column":4},"end":{"line":44,"column":52}},"42":{"start":{"line":49,"column":17},"end":{"line":49,"column":39}},"43":{"start":{"line":50,"column":2},"end":{"line":50,"column":39}},"44":{"start":{"line":50,"column":32},"end":{"line":50,"column":39}},"45":{"start":{"line":51,"column":2},"end":{"line":55,"column":4}},"46":{"start":{"line":56,"column":2},"end":{"line":65,"column":3}},"47":{"start":{"line":57,"column":4},"end":{"line":57,"column":84}},"48":{"start":{"line":58,"column":4},"end":{"line":58,"column":25}},"49":{"start":{"line":59,"column":4},"end":{"line":59,"column":26}},"50":{"start":{"line":60,"column":4},"end":{"line":60,"column":30}},"51":{"start":{"line":61,"column":4},"end":{"line":61,"column":32}},"52":{"start":{"line":62,"column":4},"end":{"line":62,"column":26}},"53":{"start":{"line":63,"column":4},"end":{"line":63,"column":24}},"54":{"start":{"line":64,"column":4},"end":{"line":64,"column":11}},"55":{"start":{"line":66,"column":40},"end":{"line":66,"column":65}},"56":{"start":{"line":67,"column":2},"end":{"line":67,"column":49}},"57":{"start":{"line":68,"column":2},"end":{"line":68,"column":48}},"58":{"start":{"line":69,"column":2},"end":{"line":71,"column":3}},"59":{"start":{"line":70,"column":4},"end":{"line":70,"column":63}},"60":{"start":{"line":74,"column":0},"end":{"line":77,"column":2}}},"fnMap":{"0":{"name":"tryResolveDayVote","decl":{"start":{"line":5,"column":9},"end":{"line":5,"column":26}},"loc":{"start":{"line":5,"column":52},"end":{"line":46,"column":1}},"line":5},"1":{"name":"(anonymous_1)","decl":{"start":{"line":6,"column":58},"end":{"line":6,"column":59}},"loc":{"start":{"line":6,"column":65},"end":{"line":6,"column":72}},"line":6},"2":{"name":"(anonymous_2)","decl":{"start":{"line":7,"column":43},"end":{"line":7,"column":44}},"loc":{"start":{"line":7,"column":50},"end":{"line":7,"column":90}},"line":7},"3":{"name":"(anonymous_3)","decl":{"start":{"line":11,"column":36},"end":{"line":11,"column":37}},"loc":{"start":{"line":11,"column":47},"end":{"line":11,"column":61}},"line":11},"4":{"name":"(anonymous_4)","decl":{"start":{"line":12,"column":16},"end":{"line":12,"column":17}},"loc":{"start":{"line":12,"column":30},"end":{"line":15,"column":3}},"line":12},"5":{"name":"(anonymous_5)","decl":{"start":{"line":22,"column":15},"end":{"line":22,"column":16}},"loc":{"start":{"line":22,"column":25},"end":{"line":22,"column":36}},"line":22},"6":{"name":"(anonymous_6)","decl":{"start":{"line":32,"column":30},"end":{"line":32,"column":31}},"loc":{"start":{"line":32,"column":45},"end":{"line":32,"column":61}},"line":32},"7":{"name":"(anonymous_7)","decl":{"start":{"line":32,"column":67},"end":{"line":32,"column":68}},"loc":{"start":{"line":32,"column":77},"end":{"line":32,"column":79}},"line":32},"8":{"name":"resolveDayKill","decl":{"start":{"line":48,"column":9},"end":{"line":48,"column":23}},"loc":{"start":{"line":48,"column":59},"end":{"line":72,"column":1}},"line":48}},"branchMap":{"0":{"loc":{"start":{"line":8,"column":2},"end":{"line":8,"column":29}},"type":"if","locations":[{"start":{"line":8,"column":2},"end":{"line":8,"column":29}},{"start":{},"end":{}}],"line":8},"1":{"loc":{"start":{"line":13,"column":4},"end":{"line":13,"column":26}},"type":"if","locations":[{"start":{"line":13,"column":4},"end":{"line":13,"column":26}},{"start":{},"end":{}}],"line":13},"2":{"loc":{"start":{"line":14,"column":25},"end":{"line":14,"column":47}},"type":"binary-expr","locations":[{"start":{"line":14,"column":25},"end":{"line":14,"column":42}},{"start":{"line":14,"column":46},"end":{"line":14,"column":47}}],"line":14},"3":{"loc":{"start":{"line":17,"column":2},"end":{"line":21,"column":3}},"type":"if","locations":[{"start":{"line":17,"column":2},"end":{"line":21,"column":3}},{"start":{},"end":{}}],"line":17},"4":{"loc":{"start":{"line":27,"column":2},"end":{"line":31,"column":3}},"type":"if","locations":[{"start":{"line":27,"column":2},"end":{"line":31,"column":3}},{"start":{},"end":{}}],"line":27},"5":{"loc":{"start":{"line":33,"column":2},"end":{"line":45,"column":3}},"type":"if","locations":[{"start":{"line":33,"column":2},"end":{"line":45,"column":3}},{"start":{"line":43,"column":9},"end":{"line":45,"column":3}}],"line":33},"6":{"loc":{"start":{"line":34,"column":4},"end":{"line":40,"column":5}},"type":"if","locations":[{"start":{"line":34,"column":4},"end":{"line":40,"column":5}},{"start":{},"end":{}}],"line":34},"7":{"loc":{"start":{"line":50,"column":2},"end":{"line":50,"column":39}},"type":"if","locations":[{"start":{"line":50,"column":2},"end":{"line":50,"column":39}},{"start":{},"end":{}}],"line":50},"8":{"loc":{"start":{"line":50,"column":6},"end":{"line":50,"column":30}},"type":"binary-expr","locations":[{"start":{"line":50,"column":6},"end":{"line":50,"column":13}},{"start":{"line":50,"column":17},"end":{"line":50,"column":30}}],"line":50},"9":{"loc":{"start":{"line":53,"column":43},"end":{"line":53,"column":87}},"type":"binary-expr","locations":[{"start":{"line":53,"column":43},"end":{"line":53,"column":72}},{"start":{"line":53,"column":76},"end":{"line":53,"column":87}}],"line":53},"10":{"loc":{"start":{"line":54,"column":43},"end":{"line":54,"column":87}},"type":"binary-expr","locations":[{"start":{"line":54,"column":43},"end":{"line":54,"column":72}},{"start":{"line":54,"column":76},"end":{"line":54,"column":87}}],"line":54},"11":{"loc":{"start":{"line":56,"column":2},"end":{"line":65,"column":3}},"type":"if","locations":[{"start":{"line":56,"column":2},"end":{"line":65,"column":3}},{"start":{},"end":{}}],"line":56},"12":{"loc":{"start":{"line":69,"column":2},"end":{"line":71,"column":3}},"type":"if","locations":[{"start":{"line":69,"column":2},"end":{"line":71,"column":3}},{"start":{},"end":{}}],"line":69},"13":{"loc":{"start":{"line":69,"column":6},"end":{"line":69,"column":46}},"type":"binary-expr","locations":[{"start":{"line":69,"column":6},"end":{"line":69,"column":18}},{"start":{"line":69,"column":22},"end":{"line":69,"column":46}}],"line":69}},"s":{"0":2,"1":2,"2":2,"3":2,"4":9,"5":2,"6":9,"7":2,"8":0,"9":2,"10":2,"11":2,"12":9,"13":2,"14":9,"15":3,"16":6,"17":2,"18":2,"19":0,"20":0,"21":0,"22":2,"23":1,"24":2,"25":2,"26":1,"27":1,"28":1,"29":1,"30":2,"31":2,"32":1,"33":1,"34":1,"35":1,"36":1,"37":1,"38":1,"39":0,"40":0,"41":0,"42":1,"43":1,"44":0,"45":1,"46":1,"47":1,"48":1,"49":1,"50":1,"51":1,"52":1,"53":1,"54":1,"55":0,"56":0,"57":0,"58":0,"59":0,"60":2},"f":{"0":2,"1":9,"2":9,"3":9,"4":9,"5":1,"6":2,"7":2,"8":1},"b":{"0":[0,2],"1":[3,6],"2":[6,3],"3":[0,2],"4":[1,1],"5":[1,0],"6":[1,0],"7":[0,1],"8":[1,1],"9":[1,0],"10":[1,0],"11":[1,0],"12":[0,0],"13":[0,0]},"_coverageSchema":"1a1c01bbd47fc00a2c39e90264f33305004495a9","hash":"92c3d660e0a1d887416919e04263272ed6f3d516"}
,"/home/runner/work/werewolves/werewolves/src/server/models/player.js": {"path":"/home/runner/work/werewolves/werewolves/src/server/models/player.js","statementMap":{"0":{"start":{"line":1,"column":22},"end":{"line":1,"column":52}},"1":{"start":{"line":3,"column":20},"end":{"line":3,"column":29}},"2":{"start":{"line":6,"column":2},"end":{"line":19,"column":4}},"3":{"start":{"line":23,"column":2},"end":{"line":23,"column":52}},"4":{"start":{"line":27,"column":2},"end":{"line":27,"column":35}},"5":{"start":{"line":31,"column":2},"end":{"line":31,"column":31}},"6":{"start":{"line":34,"column":0},"end":{"line":39,"column":2}}},"fnMap":{"0":{"name":"createPlayer","decl":{"start":{"line":5,"column":9},"end":{"line":5,"column":21}},"loc":{"start":{"line":5,"column":46},"end":{"line":20,"column":1}},"line":5},"1":{"name":"setSocketIndex","decl":{"start":{"line":22,"column":9},"end":{"line":22,"column":23}},"loc":{"start":{"line":22,"column":54},"end":{"line":24,"column":1}},"line":22},"2":{"name":"getSocketIndex","decl":{"start":{"line":26,"column":9},"end":{"line":26,"column":23}},"loc":{"start":{"line":26,"column":34},"end":{"line":28,"column":1}},"line":26},"3":{"name":"deleteSocketIndex","decl":{"start":{"line":30,"column":9},"end":{"line":30,"column":26}},"loc":{"start":{"line":30,"column":37},"end":{"line":32,"column":1}},"line":30}},"branchMap":{},"s":{"0":1,"1":1,"2":0,"3":0,"4":0,"5":0,"6":1},"f":{"0":0,"1":0,"2":0,"3":0},"b":{},"_coverageSchema":"1a1c01bbd47fc00a2c39e90264f33305004495a9","hash":"426f24bd837d159745884490d35342b7caf700c5"}
,"/home/runner/work/werewolves/werewolves/src/server/utils/helpers.js": {"path":"/home/runner/work/werewolves/werewolves/src/server/utils/helpers.js","statementMap":{"0":{"start":{"line":2,"column":2},"end":{"line":2,"column":42}},"1":{"start":{"line":6,"column":16},"end":{"line":6,"column":24}},"2":{"start":{"line":7,"column":2},"end":{"line":10,"column":3}},"3":{"start":{"line":7,"column":15},"end":{"line":7,"column":31}},"4":{"start":{"line":8,"column":14},"end":{"line":8,"column":49}},"5":{"start":{"line":9,"column":4},"end":{"line":9,"column":48}},"6":{"start":{"line":11,"column":2},"end":{"line":11,"column":15}},"7":{"start":{"line":15,"column":2},"end":{"line":18,"column":4}},"8":{"start":{"line":22,"column":2},"end":{"line":22,"column":55}},"9":{"start":{"line":26,"column":2},"end":{"line":29,"column":3}},"10":{"start":{"line":27,"column":4},"end":{"line":27,"column":39}},"11":{"start":{"line":28,"column":4},"end":{"line":28,"column":32}},"12":{"start":{"line":30,"column":2},"end":{"line":33,"column":3}},"13":{"start":{"line":31,"column":4},"end":{"line":31,"column":34}},"14":{"start":{"line":32,"column":4},"end":{"line":32,"column":27}},"15":{"start":{"line":36,"column":0},"end":{"line":42,"column":2}}},"fnMap":{"0":{"name":"sanitizeName","decl":{"start":{"line":1,"column":9},"end":{"line":1,"column":21}},"loc":{"start":{"line":1,"column":28},"end":{"line":3,"column":1}},"line":1},"1":{"name":"shuffle","decl":{"start":{"line":5,"column":9},"end":{"line":5,"column":16}},"loc":{"start":{"line":5,"column":22},"end":{"line":12,"column":1}},"line":5},"2":{"name":"createVoteState","decl":{"start":{"line":14,"column":9},"end":{"line":14,"column":24}},"loc":{"start":{"line":14,"column":27},"end":{"line":19,"column":1}},"line":14},"3":{"name":"addLog","decl":{"start":{"line":21,"column":9},"end":{"line":21,"column":15}},"loc":{"start":{"line":21,"column":47},"end":{"line":23,"column":1}},"line":21},"4":{"name":"clearRoomTimers","decl":{"start":{"line":25,"column":9},"end":{"line":25,"column":24}},"loc":{"start":{"line":25,"column":31},"end":{"line":34,"column":1}},"line":25}},"branchMap":{"0":{"loc":{"start":{"line":2,"column":10},"end":{"line":2,"column":20}},"type":"binary-expr","locations":[{"start":{"line":2,"column":10},"end":{"line":2,"column":14}},{"start":{"line":2,"column":18},"end":{"line":2,"column":20}}],"line":2},"1":{"loc":{"start":{"line":21,"column":28},"end":{"line":21,"column":45}},"type":"default-arg","locations":[{"start":{"line":21,"column":41},"end":{"line":21,"column":45}}],"line":21},"2":{"loc":{"start":{"line":26,"column":2},"end":{"line":29,"column":3}},"type":"if","locations":[{"start":{"line":26,"column":2},"end":{"line":29,"column":3}},{"start":{},"end":{}}],"line":26},"3":{"loc":{"start":{"line":30,"column":2},"end":{"line":33,"column":3}},"type":"if","locations":[{"start":{"line":30,"column":2},"end":{"line":33,"column":3}},{"start":{},"end":{}}],"line":30}},"s":{"0":2,"1":1,"2":1,"3":1,"4":3,"5":3,"6":1,"7":4,"8":9,"9":7,"10":3,"11":3,"12":7,"13":3,"14":3,"15":6},"f":{"0":2,"1":1,"2":4,"3":9,"4":7},"b":{"0":[2,0],"1":[3],"2":[3,4],"3":[3,4]},"_coverageSchema":"1a1c01bbd47fc00a2c39e90264f33305004495a9","hash":"545bccbfa9211c203479bc7cb7e123acd1dbf0f8"}
}
