TN:
SF:src/server/config/constants.js
FNF:0
FNH:0
DA:1,5
DA:3,5
DA:4,5
DA:5,5
DA:6,5
DA:7,5
DA:9,5
DA:47,5
DA:56,5
LF:9
LH:9
BRDA:3,0,0,5
BRDA:3,0,1,5
BRF:2
BRH:2
end_of_record
TN:
SF:src/server/handlers/socketHandlers.js
FN:12,setupSocketHandlers
FN:13,(anonymous_1)
FN:22,(anonymous_2)
FN:35,(anonymous_3)
FN:47,(anonymous_4)
FN:62,(anonymous_5)
FN:80,(anonymous_6)
FN:92,(anonymous_7)
FN:96,(anonymous_8)
FN:98,(anonymous_9)
FN:101,(anonymous_10)
FN:115,(anonymous_11)
FN:118,(anonymous_12)
FN:125,(anonymous_13)
FN:129,(anonymous_14)
FN:140,(anonymous_15)
FN:143,(anonymous_16)
FN:148,(anonymous_17)
FN:151,(anonymous_18)
FN:163,(anonymous_19)
FN:193,(anonymous_20)
FN:205,(anonymous_21)
FN:209,(anonymous_22)
FN:212,(anonymous_23)
FN:217,(anonymous_24)
FN:224,(anonymous_25)
FN:229,(anonymous_26)
FN:234,(anonymous_27)
FN:244,(anonymous_28)
FN:248,(anonymous_29)
FN:255,(anonymous_30)
FN:258,(anonymous_31)
FN:266,(anonymous_32)
FNF:33
FNH:4
FNDA:7,setupSocketHandlers
FNDA:0,(anonymous_1)
FNDA:0,(anonymous_2)
FNDA:0,(anonymous_3)
FNDA:0,(anonymous_4)
FNDA:0,(anonymous_5)
FNDA:0,(anonymous_6)
FNDA:0,(anonymous_7)
FNDA:0,(anonymous_8)
FNDA:0,(anonymous_9)
FNDA:0,(anonymous_10)
FNDA:0,(anonymous_11)
FNDA:0,(anonymous_12)
FNDA:0,(anonymous_13)
FNDA:0,(anonymous_14)
FNDA:0,(anonymous_15)
FNDA:0,(anonymous_16)
FNDA:0,(anonymous_17)
FNDA:7,(anonymous_18)
FNDA:0,(anonymous_19)
FNDA:0,(anonymous_20)
FNDA:3,(anonymous_21)
FNDA:0,(anonymous_22)
FNDA:2,(anonymous_23)
FNDA:0,(anonymous_24)
FNDA:0,(anonymous_25)
FNDA:0,(anonymous_26)
FNDA:0,(anonymous_27)
FNDA:0,(anonymous_28)
FNDA:0,(anonymous_29)
FNDA:0,(anonymous_30)
FNDA:0,(anonymous_31)
FNDA:0,(anonymous_32)
DA:1,1
DA:2,1
DA:3,1
DA:4,1
DA:5,1
DA:6,1
DA:7,1
DA:8,1
DA:9,1
DA:10,1
DA:13,7
DA:14,0
DA:15,0
DA:16,0
DA:17,0
DA:18,0
DA:19,0
DA:22,7
DA:23,0
DA:24,0
DA:25,0
DA:26,0
DA:27,0
DA:28,0
DA:29,0
DA:30,0
DA:31,0
DA:32,0
DA:35,7
DA:36,0
DA:37,0
DA:38,0
DA:39,0
DA:40,0
DA:41,0
DA:42,0
DA:43,0
DA:44,0
DA:47,7
DA:48,0
DA:49,0
DA:50,0
DA:51,0
DA:52,0
DA:53,0
DA:54,0
DA:55,0
DA:56,0
DA:59,0
DA:62,7
DA:63,0
DA:64,0
DA:65,0
DA:66,0
DA:67,0
DA:68,0
DA:69,0
DA:70,0
DA:71,0
DA:72,0
DA:73,0
DA:74,0
DA:75,0
DA:76,0
DA:77,0
DA:80,7
DA:81,0
DA:82,0
DA:83,0
DA:84,0
DA:85,0
DA:86,0
DA:87,0
DA:88,0
DA:89,0
DA:92,7
DA:93,0
DA:94,0
DA:95,0
DA:96,0
DA:97,0
DA:98,0
DA:101,7
DA:102,0
DA:103,0
DA:104,0
DA:105,0
DA:106,0
DA:107,0
DA:108,0
DA:109,0
DA:110,0
DA:111,0
DA:112,0
DA:113,0
DA:114,0
DA:115,0
DA:118,7
DA:119,0
DA:120,0
DA:121,0
DA:122,0
DA:123,0
DA:124,0
DA:125,0
DA:126,0
DA:129,7
DA:130,0
DA:131,0
DA:132,0
DA:133,0
DA:134,0
DA:135,0
DA:136,0
DA:137,0
DA:138,0
DA:139,0
DA:140,0
DA:143,7
DA:144,0
DA:145,0
DA:146,0
DA:147,0
DA:148,0
DA:151,7
DA:152,7
DA:153,7
DA:154,7
DA:156,7
DA:157,1
DA:158,1
DA:159,1
DA:160,1
DA:161,1
DA:162,0
DA:163,0
DA:165,1
DA:167,1
DA:170,6
DA:171,3
DA:172,0
DA:173,0
DA:175,3
DA:176,3
DA:177,3
DA:178,1
DA:179,1
DA:180,1
DA:181,1
DA:182,1
DA:183,1
DA:184,1
DA:185,1
DA:187,2
DA:188,1
DA:189,1
DA:190,1
DA:192,1
DA:193,1
DA:194,1
DA:196,0
DA:197,0
DA:198,0
DA:199,0
DA:201,0
DA:204,3
DA:205,3
DA:206,1
DA:207,0
DA:208,0
DA:209,0
DA:210,0
DA:212,1
DA:213,2
DA:214,2
DA:217,1
DA:218,1
DA:221,2
DA:222,1
DA:223,1
DA:224,1
DA:225,1
DA:228,1
DA:229,1
DA:230,1
DA:234,7
DA:235,0
DA:236,0
DA:237,0
DA:238,0
DA:239,0
DA:240,0
DA:242,0
DA:243,0
DA:244,0
DA:245,0
DA:248,7
DA:249,0
DA:250,0
DA:251,0
DA:252,0
DA:253,0
DA:254,0
DA:255,0
DA:258,7
DA:259,0
DA:260,0
DA:261,0
DA:262,0
DA:263,0
DA:266,7
DA:267,0
DA:268,0
DA:269,0
DA:270,0
DA:271,0
DA:272,0
DA:273,0
DA:274,0
DA:275,0
DA:276,0
DA:280,1
LF:222
LH:74
BRDA:15,0,0,0
BRDA:15,0,1,0
BRDA:24,1,0,0
BRDA:24,1,1,0
BRDA:26,2,0,0
BRDA:26,2,1,0
BRDA:27,3,0,0
BRDA:27,3,1,0
BRDA:37,4,0,0
BRDA:37,4,1,0
BRDA:39,5,0,0
BRDA:39,5,1,0
BRDA:49,6,0,0
BRDA:49,6,1,0
BRDA:50,7,0,0
BRDA:50,7,1,0
BRDA:51,8,0,0
BRDA:51,8,1,0
BRDA:53,9,0,0
BRDA:53,9,1,0
BRDA:55,10,0,0
BRDA:55,10,1,0
BRDA:55,11,0,0
BRDA:55,11,1,0
BRDA:64,12,0,0
BRDA:64,12,1,0
BRDA:65,13,0,0
BRDA:65,13,1,0
BRDA:66,14,0,0
BRDA:66,14,1,0
BRDA:68,15,0,0
BRDA:68,15,1,0
BRDA:82,16,0,0
BRDA:82,16,1,0
BRDA:83,17,0,0
BRDA:83,17,1,0
BRDA:85,18,0,0
BRDA:85,18,1,0
BRDA:86,19,0,0
BRDA:86,19,1,0
BRDA:94,20,0,0
BRDA:94,20,1,0
BRDA:94,21,0,0
BRDA:94,21,1,0
BRDA:95,22,0,0
BRDA:95,22,1,0
BRDA:96,23,0,0
BRDA:96,23,1,0
BRDA:97,24,0,0
BRDA:97,24,1,0
BRDA:103,25,0,0
BRDA:103,25,1,0
BRDA:103,26,0,0
BRDA:103,26,1,0
BRDA:105,27,0,0
BRDA:105,27,1,0
BRDA:105,28,0,0
BRDA:105,28,1,0
BRDA:105,28,2,0
BRDA:106,29,0,0
BRDA:106,29,1,0
BRDA:106,30,0,0
BRDA:106,30,1,0
BRDA:108,31,0,0
BRDA:108,31,1,0
BRDA:111,32,0,0
BRDA:111,32,1,0
BRDA:111,33,0,0
BRDA:111,33,1,0
BRDA:111,33,2,0
BRDA:111,33,3,0
BRDA:120,34,0,0
BRDA:120,34,1,0
BRDA:120,35,0,0
BRDA:120,35,1,0
BRDA:120,35,2,0
BRDA:122,36,0,0
BRDA:122,36,1,0
BRDA:122,37,0,0
BRDA:122,37,1,0
BRDA:122,37,2,0
BRDA:123,38,0,0
BRDA:123,38,1,0
BRDA:123,39,0,0
BRDA:123,39,1,0
BRDA:124,40,0,0
BRDA:124,40,1,0
BRDA:131,41,0,0
BRDA:131,41,1,0
BRDA:131,42,0,0
BRDA:131,42,1,0
BRDA:131,42,2,0
BRDA:133,43,0,0
BRDA:133,43,1,0
BRDA:133,44,0,0
BRDA:133,44,1,0
BRDA:133,44,2,0
BRDA:135,45,0,0
BRDA:135,45,1,0
BRDA:136,46,0,0
BRDA:136,46,1,0
BRDA:145,47,0,0
BRDA:145,47,1,0
BRDA:145,48,0,0
BRDA:145,48,1,0
BRDA:145,48,2,0
BRDA:147,49,0,0
BRDA:147,49,1,0
BRDA:147,50,0,0
BRDA:147,50,1,0
BRDA:147,50,2,0
BRDA:153,51,0,0
BRDA:153,51,1,7
BRDA:153,52,0,7
BRDA:153,52,1,7
BRDA:154,53,0,0
BRDA:154,53,1,7
BRDA:154,54,0,7
BRDA:154,54,1,2
BRDA:156,55,0,1
BRDA:156,55,1,6
BRDA:156,56,0,7
BRDA:156,56,1,2
BRDA:161,57,0,0
BRDA:161,57,1,1
BRDA:170,58,0,3
BRDA:170,58,1,3
BRDA:171,59,0,0
BRDA:171,59,1,3
BRDA:177,60,0,1
BRDA:177,60,1,2
BRDA:187,61,0,1
BRDA:187,61,1,1
BRDA:192,62,0,1
BRDA:192,62,1,0
BRDA:196,63,0,0
BRDA:196,63,1,0
BRDA:204,64,0,1
BRDA:204,64,1,2
BRDA:205,65,0,3
BRDA:205,65,1,2
BRDA:206,66,0,0
BRDA:206,66,1,1
BRDA:213,67,0,2
BRDA:213,67,1,0
BRDA:221,68,0,1
BRDA:221,68,1,1
BRDA:228,69,0,1
BRDA:228,69,1,0
BRDA:236,70,0,0
BRDA:236,70,1,0
BRDA:236,71,0,0
BRDA:236,71,1,0
BRDA:238,72,0,0
BRDA:238,72,1,0
BRDA:238,73,0,0
BRDA:238,73,1,0
BRDA:239,74,0,0
BRDA:239,74,1,0
BRDA:239,75,0,0
BRDA:239,75,1,0
BRDA:239,75,2,0
BRDA:242,76,0,0
BRDA:242,76,1,0
BRDA:242,77,0,0
BRDA:242,77,1,0
BRDA:243,78,0,0
BRDA:243,78,1,0
BRDA:250,79,0,0
BRDA:250,79,1,0
BRDA:250,80,0,0
BRDA:250,80,1,0
BRDA:252,81,0,0
BRDA:252,81,1,0
BRDA:252,82,0,0
BRDA:252,82,1,0
BRDA:260,83,0,0
BRDA:260,83,1,0
BRDA:262,84,0,0
BRDA:262,84,1,0
BRDA:268,85,0,0
BRDA:268,85,1,0
BRDA:271,86,0,0
BRDA:271,86,1,0
BRDA:273,87,0,0
BRDA:273,87,1,0
BRF:186
BRH:28
end_of_record
TN:
SF:src/server/managers/broadcastManager.js
FN:1,broadcastRoom
FN:2,(anonymous_1)
FN:5,sendStateToPlayer
FN:12,sanitizeRoom
FN:14,(anonymous_4)
FN:24,(anonymous_5)
FN:47,(anonymous_6)
FN:48,(anonymous_7)
FN:55,(anonymous_8)
FN:56,(anonymous_9)
FNF:10
FNH:4
FNDA:0,broadcastRoom
FNDA:0,(anonymous_1)
FNDA:0,sendStateToPlayer
FNDA:4,sanitizeRoom
FNDA:10,(anonymous_4)
FNDA:2,(anonymous_5)
FNDA:0,(anonymous_6)
FNDA:0,(anonymous_7)
FNDA:0,(anonymous_8)
FNDA:10,(anonymous_9)
DA:2,0
DA:6,0
DA:7,0
DA:8,0
DA:9,0
DA:13,4
DA:14,10
DA:23,4
DA:24,4
DA:28,4
DA:47,0
DA:48,0
DA:55,0
DA:56,10
DA:73,1
LF:15
LH:7
BRDA:6,0,0,0
BRDA:6,0,1,0
BRDA:8,1,0,0
BRDA:8,1,1,0
BRDA:20,2,0,5
BRDA:20,2,1,5
BRDA:20,3,0,10
BRDA:20,3,1,6
BRDA:21,4,0,0
BRDA:21,4,1,10
BRDA:23,5,0,4
BRDA:23,5,1,0
BRDA:26,6,0,2
BRDA:26,6,1,0
BRDA:26,7,0,2
BRDA:26,7,1,2
BRDA:37,8,0,4
BRDA:37,8,1,2
BRDA:37,8,2,1
BRDA:39,9,0,2
BRDA:39,9,1,2
BRDA:40,10,0,1
BRDA:40,10,1,1
BRDA:40,11,0,0
BRDA:40,11,1,1
BRDA:42,12,0,0
BRDA:42,12,1,4
BRDA:43,13,0,0
BRDA:43,13,1,4
BRDA:44,14,0,0
BRDA:44,14,1,4
BRDA:44,15,0,4
BRDA:44,15,1,4
BRDA:45,16,0,0
BRDA:45,16,1,4
BRDA:47,17,0,0
BRDA:47,17,1,0
BRDA:47,17,2,0
BRDA:50,18,0,0
BRDA:50,18,1,4
BRDA:52,19,0,0
BRDA:52,19,1,4
BRDA:63,20,0,4
BRDA:63,20,1,0
BRDA:68,21,0,0
BRDA:68,21,1,4
BRF:46
BRH:27
end_of_record
TN:
SF:src/server/managers/deathManager.js
FN:4,queueDeath
FN:8,resolveDeaths
FN:46,checkWinners
FN:48,(anonymous_3)
FN:49,(anonymous_4)
FNF:5
FNH:5
FNDA:3,queueDeath
FNDA:2,resolveDeaths
FNDA:2,checkWinners
FNDA:6,(anonymous_3)
FNDA:4,(anonymous_4)
DA:1,2
DA:2,2
DA:5,3
DA:9,2
DA:10,2
DA:11,3
DA:12,3
DA:13,3
DA:14,3
DA:15,3
DA:16,3
DA:17,3
DA:22,3
DA:23,1
DA:24,1
DA:25,1
DA:26,1
DA:29,3
DA:30,2
DA:31,2
DA:32,2
DA:33,1
DA:37,2
DA:38,1
DA:40,2
DA:41,1
DA:43,2
DA:47,2
DA:48,6
DA:49,4
DA:50,2
DA:51,0
DA:52,0
DA:53,0
DA:54,0
DA:55,0
DA:56,0
DA:57,0
DA:59,2
DA:60,2
DA:61,2
DA:62,2
DA:63,2
DA:64,2
DA:65,2
DA:66,2
DA:70,2
LF:47
LH:40
BRDA:8,0,0,0
BRDA:13,1,0,0
BRDA:13,1,1,3
BRDA:13,2,0,3
BRDA:13,2,1,3
BRDA:19,3,0,3
BRDA:19,3,1,0
BRDA:20,4,0,3
BRDA:20,4,1,0
BRDA:22,5,0,1
BRDA:22,5,1,2
BRDA:22,6,0,3
BRDA:22,6,1,1
BRDA:23,7,0,1
BRDA:23,7,1,1
BRDA:24,8,0,1
BRDA:24,8,1,0
BRDA:24,9,0,1
BRDA:24,9,1,1
BRDA:29,10,0,2
BRDA:29,10,1,1
BRDA:29,11,0,3
BRDA:29,11,1,2
BRDA:29,11,2,1
BRDA:30,12,0,1
BRDA:30,12,1,1
BRDA:32,13,0,1
BRDA:32,13,1,1
BRDA:32,14,0,2
BRDA:32,14,1,2
BRDA:37,15,0,1
BRDA:37,15,1,1
BRDA:37,16,0,2
BRDA:37,16,1,2
BRDA:40,17,0,1
BRDA:40,17,1,1
BRDA:47,18,0,0
BRDA:47,18,1,2
BRDA:50,19,0,0
BRDA:50,19,1,2
BRDA:60,20,0,2
BRDA:60,20,1,0
BRF:42
BRH:34
end_of_record
TN:
SF:src/server/managers/nightManager.js
FN:3,tryFinalizeWolfVote
FN:4,(anonymous_1)
FN:9,(anonymous_2)
FN:12,(anonymous_3)
FN:19,(anonymous_4)
FN:32,(anonymous_5)
FN:41,advanceNightStep
FN:43,(anonymous_7)
FN:53,(anonymous_8)
FN:63,handleWitchDecision
FN:80,resolveNight
FNF:11
FNH:7
FNDA:2,tryFinalizeWolfVote
FNDA:5,(anonymous_1)
FNDA:2,(anonymous_2)
FNDA:2,(anonymous_3)
FNDA:2,(anonymous_4)
FNDA:0,(anonymous_5)
FNDA:0,advanceNightStep
FNDA:0,(anonymous_7)
FNDA:0,(anonymous_8)
FNDA:2,handleWitchDecision
FNDA:1,resolveNight
DA:1,1
DA:4,5
DA:5,2
DA:6,1
DA:7,1
DA:9,2
DA:10,1
DA:11,1
DA:12,1
DA:13,2
DA:14,2
DA:16,1
DA:17,1
DA:18,1
DA:19,1
DA:20,2
DA:21,1
DA:22,1
DA:23,1
DA:24,1
DA:25,1
DA:28,1
DA:29,1
DA:31,1
DA:32,0
DA:33,0
DA:34,0
DA:37,1
DA:38,1
DA:42,0
DA:43,0
DA:44,0
DA:45,0
DA:46,0
DA:47,0
DA:49,0
DA:50,0
DA:52,0
DA:53,0
DA:54,0
DA:55,0
DA:56,0
DA:58,0
DA:59,0
DA:64,2
DA:65,1
DA:66,1
DA:67,1
DA:68,1
DA:69,1
DA:70,1
DA:71,1
DA:72,1
DA:73,1
DA:74,1
DA:77,2
DA:81,1
DA:82,1
DA:83,1
DA:85,1
DA:86,1
DA:88,1
DA:89,1
DA:90,1
DA:91,1
DA:92,1
DA:96,1
LF:67
LH:49
BRDA:4,0,0,5
BRDA:4,0,1,2
BRDA:5,1,0,1
BRDA:5,1,1,1
BRDA:10,2,0,0
BRDA:10,2,1,1
BRDA:13,3,0,0
BRDA:13,3,1,2
BRDA:14,4,0,2
BRDA:14,4,1,2
BRDA:20,5,0,1
BRDA:20,5,1,1
BRDA:24,6,0,1
BRDA:24,6,1,0
BRDA:28,7,0,1
BRDA:28,7,1,0
BRDA:31,8,0,0
BRDA:31,8,1,1
BRDA:31,9,0,1
BRDA:31,9,1,0
BRDA:32,10,0,0
BRDA:32,10,1,0
BRDA:33,11,0,0
BRDA:33,11,1,0
BRDA:42,12,0,0
BRDA:42,12,1,0
BRDA:43,13,0,0
BRDA:43,13,1,0
BRDA:44,14,0,0
BRDA:44,14,1,0
BRDA:44,15,0,0
BRDA:44,15,1,0
BRDA:52,16,0,0
BRDA:52,16,1,0
BRDA:53,17,0,0
BRDA:53,17,1,0
BRDA:54,18,0,0
BRDA:54,18,1,0
BRDA:64,19,0,1
BRDA:64,19,1,1
BRDA:65,20,0,0
BRDA:65,20,1,1
BRDA:66,21,0,0
BRDA:66,21,1,1
BRDA:69,22,0,1
BRDA:69,22,1,0
BRDA:70,23,0,0
BRDA:70,23,1,1
BRDA:72,24,0,0
BRDA:72,24,1,1
BRDA:72,25,0,1
BRDA:72,25,1,1
BRDA:82,26,0,1
BRDA:82,26,1,0
BRDA:82,27,0,1
BRDA:82,27,1,1
BRDA:85,28,0,1
BRDA:85,28,1,0
BRDA:91,29,0,1
BRDA:91,29,1,0
BRDA:91,30,0,1
BRDA:91,30,1,1
BRF:62
BRH:30
end_of_record
TN:
SF:src/server/managers/phaseManager.js
FN:4,startNight
FN:11,(anonymous_1)
FN:24,scheduleNightStep
FN:30,(anonymous_3)
FN:44,schedulePhaseTransition
FN:52,(anonymous_5)
FN:82,advanceFromReveal
FN:83,(anonymous_7)
FN:92,notifyLovers
FNF:9
FNH:6
FNDA:1,startNight
FNDA:3,(anonymous_1)
FNDA:1,scheduleNightStep
FNDA:1,(anonymous_3)
FNDA:1,schedulePhaseTransition
FNDA:1,(anonymous_5)
FNDA:0,advanceFromReveal
FNDA:0,(anonymous_7)
FNDA:0,notifyLovers
DA:1,1
DA:2,1
DA:5,1
DA:6,1
DA:7,1
DA:8,1
DA:9,1
DA:10,1
DA:11,1
DA:12,3
DA:13,1
DA:16,1
DA:17,1
DA:18,1
DA:19,1
DA:20,1
DA:21,1
DA:25,1
DA:26,1
DA:27,1
DA:28,1
DA:29,1
DA:30,1
DA:31,1
DA:32,1
DA:33,1
DA:34,1
DA:35,1
DA:36,0
DA:37,0
DA:39,1
DA:45,1
DA:46,1
DA:47,1
DA:48,1
DA:49,1
DA:51,1
DA:52,1
DA:53,1
DA:54,1
DA:55,1
DA:56,1
DA:57,0
DA:58,0
DA:60,1
DA:61,0
DA:62,0
DA:63,0
DA:65,1
DA:66,1
DA:67,1
DA:68,1
DA:69,1
DA:70,1
DA:71,1
DA:72,1
DA:73,1
DA:75,0
DA:76,0
DA:77,0
DA:83,0
DA:84,0
DA:85,0
DA:87,0
DA:89,0
DA:93,0
DA:94,0
DA:95,0
DA:96,0
DA:97,0
DA:101,1
LF:71
LH:51
BRDA:12,0,0,1
BRDA:12,0,1,2
BRDA:12,1,0,3
BRDA:12,1,1,2
BRDA:32,2,0,0
BRDA:32,2,1,1
BRDA:35,3,0,0
BRDA:35,3,1,1
BRDA:48,4,0,1
BRDA:48,4,1,0
BRDA:54,5,0,0
BRDA:54,5,1,1
BRDA:56,6,0,0
BRDA:56,6,1,1
BRDA:60,7,0,0
BRDA:60,7,1,1
BRDA:65,8,0,1
BRDA:65,8,1,0
BRDA:75,9,0,0
BRDA:75,9,1,0
BRDA:83,10,0,0
BRDA:83,10,1,0
BRDA:83,11,0,0
BRDA:83,11,1,0
BRDA:83,12,0,0
BRDA:83,12,1,0
BRDA:93,13,0,0
BRDA:93,13,1,0
BRDA:96,14,0,0
BRDA:96,14,1,0
BRDA:96,15,0,0
BRDA:96,15,1,0
BRF:32
BRH:11
end_of_record
TN:
SF:src/server/managers/roleManager.js
FN:4,normalizeRoleConfig
FN:13,validateCounts
FN:18,(anonymous_2)
FN:28,assignRoles
FN:40,(anonymous_4)
FNF:5
FNH:5
FNDA:1,normalizeRoleConfig
FNDA:3,validateCounts
FNDA:12,(anonymous_2)
FNDA:1,assignRoles
FNDA:3,(anonymous_4)
DA:1,2
DA:2,2
DA:5,1
DA:6,1
DA:7,6
DA:8,6
DA:10,1
DA:14,3
DA:15,3
DA:16,1
DA:18,12
DA:19,2
DA:20,1
DA:22,1
DA:23,1
DA:25,0
DA:29,1
DA:30,1
DA:31,1
DA:32,6
DA:33,2
DA:36,1
DA:37,1
DA:39,1
DA:40,1
DA:41,3
DA:42,3
DA:43,3
DA:44,3
DA:45,3
DA:46,3
DA:47,1
DA:49,2
DA:54,2
LF:34
LH:33
BRDA:4,0,0,0
BRDA:8,1,0,3
BRDA:8,1,1,3
BRDA:8,2,0,6
BRDA:8,2,1,4
BRDA:15,3,0,1
BRDA:15,3,1,2
BRDA:19,4,0,1
BRDA:19,4,1,1
BRDA:22,5,0,1
BRDA:22,5,1,0
BRDA:43,6,0,3
BRDA:43,6,1,0
BRDA:46,7,0,1
BRDA:46,7,1,2
BRF:15
BRH:12
end_of_record
TN:
SF:src/server/managers/voteManager.js
FN:5,tryResolveDayVote
FN:6,(anonymous_1)
FN:7,(anonymous_2)
FN:11,(anonymous_3)
FN:12,(anonymous_4)
FN:22,(anonymous_5)
FN:32,(anonymous_6)
FN:32,(anonymous_7)
FN:48,resolveDayKill
FNF:9
FNH:9
FNDA:2,tryResolveDayVote
FNDA:9,(anonymous_1)
FNDA:9,(anonymous_2)
FNDA:9,(anonymous_3)
FNDA:9,(anonymous_4)
FNDA:1,(anonymous_5)
FNDA:2,(anonymous_6)
FNDA:2,(anonymous_7)
FNDA:1,resolveDayKill
DA:1,2
DA:2,2
DA:3,2
DA:6,9
DA:7,9
DA:8,2
DA:9,2
DA:10,2
DA:11,9
DA:12,2
DA:13,9
DA:14,6
DA:16,2
DA:17,2
DA:18,0
DA:19,0
DA:20,0
DA:22,2
DA:23,2
DA:27,2
DA:28,1
DA:29,1
DA:30,1
DA:32,2
DA:33,1
DA:34,1
DA:35,1
DA:36,1
DA:37,1
DA:38,1
DA:39,1
DA:41,0
DA:42,0
DA:44,0
DA:49,1
DA:50,1
DA:51,1
DA:56,1
DA:57,1
DA:58,1
DA:59,1
DA:60,1
DA:61,1
DA:62,1
DA:63,1
DA:64,1
DA:66,0
DA:67,0
DA:68,0
DA:69,0
DA:70,0
DA:74,2
LF:52
LH:41
BRDA:8,0,0,0
BRDA:8,0,1,2
BRDA:13,1,0,3
BRDA:13,1,1,6
BRDA:14,2,0,6
BRDA:14,2,1,3
BRDA:17,3,0,0
BRDA:17,3,1,2
BRDA:27,4,0,1
BRDA:27,4,1,1
BRDA:33,5,0,1
BRDA:33,5,1,0
BRDA:34,6,0,1
BRDA:34,6,1,0
BRDA:50,7,0,0
BRDA:50,7,1,1
BRDA:50,8,0,1
BRDA:50,8,1,1
BRDA:53,9,0,1
BRDA:53,9,1,0
BRDA:54,10,0,1
BRDA:54,10,1,0
BRDA:56,11,0,1
BRDA:56,11,1,0
BRDA:69,12,0,0
BRDA:69,12,1,0
BRDA:69,13,0,0
BRDA:69,13,1,0
BRF:28
BRH:16
end_of_record
TN:
SF:src/server/models/player.js
FN:5,createPlayer
FN:22,setSocketIndex
FN:26,getSocketIndex
FN:30,deleteSocketIndex
FNF:4
FNH:0
FNDA:0,createPlayer
FNDA:0,setSocketIndex
FNDA:0,getSocketIndex
FNDA:0,deleteSocketIndex
DA:1,1
DA:3,1
DA:6,0
DA:23,0
DA:27,0
DA:31,0
DA:34,1
LF:7
LH:3
BRF:0
BRH:0
end_of_record
TN:
SF:src/server/utils/helpers.js
FN:1,sanitizeName
FN:5,shuffle
FN:14,createVoteState
FN:21,addLog
FN:25,clearRoomTimers
FNF:5
FNH:5
FNDA:2,sanitizeName
FNDA:1,shuffle
FNDA:4,createVoteState
FNDA:9,addLog
FNDA:7,clearRoomTimers
DA:2,2
DA:6,1
DA:7,1
DA:8,3
DA:9,3
DA:11,1
DA:15,4
DA:22,9
DA:26,7
DA:27,3
DA:28,3
DA:30,7
DA:31,3
DA:32,3
DA:36,6
LF:15
LH:15
BRDA:2,0,0,2
BRDA:2,0,1,0
BRDA:21,1,0,3
BRDA:26,2,0,3
BRDA:26,2,1,4
BRDA:30,3,0,3
BRDA:30,3,1,4
BRF:7
BRH:6
end_of_record
